window.jpg
/name.jpg
/save.jpg
/file1.jpg
/file2.jpg
/file3.jpg
/save1_1.jpg 
/save2.jpg
/save3.jpg
/save4.jpg
/save5.jpg
/save6.jpg
/save7.jpg
/save8.jpg
/save9.jpg
/save10.jpg
/cancel.jpg
/file4.jpg
/file5.jpg
/file6.jpg
/save1.jpg
/save2_1.jpg
/file7.jpg
/file8.jpg
/file9.jpg
/save3_1.jpg
/file10.jpg
/file11.jpg
/file12.jpg
/save4_1.jpg
/file13.jpg
/file14.jpg
/file15.jpg
/save5_1.jpg
/file16.jpg
/file17.jpg
/file18.jpg
/save6_1.jpg
/file19.jpg
/file20.jpg
/file21.jpg
/save7_1.jpg
/file22.jpg
/file23.jpg
/file24.jpg
/save8_1.jpg
/file25.jpg
/file26.jpg
/file27.jpg
/save9_1.jpg
/file28.jpg
/file29.jpg
/file30.jpg
/save10_1.jpg
/haikei/rouka.jpg
/haikei/kochositu.jpg
/tachie/kocho.jpg
/haikei/yuheya.jpg
/tachie/yu.jpg
/voice/kocho48.mp3
/sound/over.mp3
/sound/push.mp3
/voice/kocho49.mp3
/haikei/kuro.gif
/voice/kocho50.mp3
/voice/yu129.mp3
/voice/yu130.mp3
/voice/yu131.mp3
/famous.jpg
/op.mpg
f:120,120
/title1.jpg
/button_new.jpg
/sound/letssiga.mp3
/sound/letstakuya.mp3
/sound/letssakuya.mp3
/button_continue.jpg
/sound/letsyu.mp3
/button_gallery.jpg
/menu.jpg
/bgm/start.mid
windowapr.jpg
/haikei/siro.gif
/sound/alarm.mp3
/bgm/prairie.mid
/event/event1.jpg
/se/run.mp3
/haikei/mon.jpg
/gakuen.mpg
/haikei/getabako.jpg
/se/konai.mp3
name.jpg
/haikei/syokuin.jpg
/voice/teruhiko1.mp3
/voice/teruhiko2.mp3
/sound/hikidoopen.mp3
/event/event2.jpg
/bgm/teruhiko.mid
/voice/teruhiko4.mp3
/voice/teruhiko5.mp3
/voice/teruhiko6.mp3
/voice/teruhiko7.mp3
/haikei/kyositu.jpg
/voice/teruhiko8.mp3
/voice/teruhiko9.mp3
/voice/teruhiko10.mp3
/sound/zawa.mp3
/bgm/panic.mp3
/event/event3.jpg
/voice/teruhiko11.mp3
/sound/chaim.mp3
/voice/takuya1.mp3
/tachie/takuya.jpg
/bgm/takuya.mid
/voice/takuya2.mp3
/voice/takuya3.mp3
/haikei/jyutaku.jpg
/se/walk.mp3
/sound/knock.mp3
/sound/dooropen.mp3
/bgm/jiro.mp3
/voice/kocho1.mp3
/voice/kocho2.mp3
/voice/kocho3.mp3
/voice/kocho4.mp3
/voice/kocho5.mp3
/voice/teruhiko44.mp3
/tachie/teruhiko.jpg
/voice/teruhiko45.mp3
/voice/teruhiko12.mp3
/voice/takuya4.mp3
/voice/takuya5.mp3
/voice/takuya6.mp3
/voice/takuya7.mp3
/sound/hahahahaha.wav
/voice/teruhiko13.mp3
/event/event4.jpg
/voice/takuya8.mp3
/voice/takuya9.mp3
/voice/takuya10.mp3
/haikei/genkan.jpg
/voice/yu1.mp3
/bgm/yu.mp3
/voice/yu2.mp3
/voice/yu3.mp3
/voice/yu4.mp3
/voice/yu5.mp3
/bgm/fuon.mp3
/voice/siga132.mp3
/voice/siga132-2.mp3
/voice/siga49.mp3
/tachie/oyu.jpg
/voice/yu27.mp3
/voice/yu28.mp3
/sound/doorclose.mp3
/voice/yu125.mp3
/voice/yu126.mp3
/voice/yu127.mp3
/voice/yu128.mp3
/voice/yu6.mp3
/bgm/kyofu.mp3
/haikei/kaidan.jpg
/haikei/okujyo.jpg
/omake/e1.jpg
/voice/yu117.mp3
sa2.jpg
/sound/sa.mp3
sa3.jpg
/omake/okujyo.jpg
f:630,470
sa4.jpg
/sound/strings.mp3
sa5.jpg
/bgm/badend.mp3
/smon.jpg
/sound/carclose.mp3
/sjyutaku1.jpg
/sound/carh.wav
/haikei/edd.jpg
/bgm/de.mp3
sjyutaku1.jpg
sjyutaku2.jpg
sjyutaku3.jpg
sjyutaku4.jpg
/sound/ubo.mp3
/omake/mon.jpg
/bgm/kanamekekon.mid
/se/asa.mp3
/voice/kocho6.mp3
/voice/kocho47.mp3
/voice/kocho7.mp3
/voice/kocho8.mp3
/voice/kocho9.mp3
/voice/kocho10.mp3
/voice/kocho11.mp3
/voice/kocho12.mp3
/voice/kocho13.mp3
/voice/kocho14.mp3
/voice/kocho15.mp3
/voice/teruhiko14.mp3
/voice/teruhiko15.mp3
/voice/teruhiko16.mp3
/voice/teruhiko17.mp3
/voice/takuya11.mp3
/event/event5.jpg
/voice/takuya12.mp3
/voice/takuya13.mp3
/sound/garasu.mp3
/voice/sakuya1.mp3
/haikei/roukakenka.jpg
/bgm/sakuya.mp3
/voice/takuya14.mp3
/voice/takuya15.mp3
/voice/takuya16.mp3
/haikei/bas.jpg
/event/event7.jpg
/sound/a-n.mp3
/voice/yu7.mp3
/haikei/ribing.jpg
/tachie/yuagari.jpg
/voice/yu8.mp3
/voice/yu9.mp3
/voice/kocho16.mp3
/voice/kocho17.mp3
/voice/kocho18.mp3
/voice/kocho19.mp3
/voice/kocho20.mp3
/haikei/nakaniwa.jpg
/sound/syo-geki.mp3
/voice/kagami1.mp3
/event/event8.jpg
/bgm/kagami.mp3
/voice/kagami2.mp3
/tachie/kagami.jpg
/voice/takuya17.mp3
/voice/takuya18.mp3
/voice/takuya19.mp3
/voice/takuya20.mp3
/event/event9-1.jpg
/voice/takuya21.mp3
/event/event9-2.jpg
/voice/takuya22.mp3
/event/event9-3.jpg
/event/event9-4.jpg
/voice/sakuya2.mp3
/voice/takuya23.mp3
/voice/teruhiko18.mp3
/voice/teruhiko19.mp3
/voice/takuya24.mp3
/voice/kocho21.mp3
/voice/kocho22.mp3
/voice/kocho23.mp3
/voice/kocho24.mp3
/event/event10-1.jpg
/event/event10-2.jpg
/voice/teruhiko20.mp3
/voice/teruhiko21.mp3
/voice/teruhiko22.mp3
/item/sanba.jpg
/voice/teruhiko23.mp3
/voice/teruhiko24.mp3
/event/event11.jpg
/bgm/pow.mp3
/voice/teruhiko25.mp3
/haikei/kouteiyoru.jpg
/haikei/c_busitu.jpg
/voice/teruhiko26.mp3
/voice/teruhiko27.mp3
/voice/takuya25.mp3
/voice/takuya26.mp3
/voice/takuya27.mp3
/item/unkonui.jpg
/voice/kagami3.mp3
/voice/kagami4.mp3
/voice/kagami5.mp3
/voice/kagami9.mp3
/voice/kagami6.mp3
/voice/kagami7.mp3
/voice/kagami8.mp3
/voice/kocho25.mp3
/voice/kocho26.mp3
/voice/yu10.mp3
/voice/yu11.mp3
/voice/kocho27.mp3
/voice/yu12.mp3
/voice/kocho28.mp3
/voice/yu13.mp3
/voice/kocho29.mp3
/voice/yu29.mp3
/voice/yu30.mp3
/voice/kocho30.mp3
/voice/yu14.mp3
/voice/kocho31.mp3
/voice/kocho32.mp3
/voice/yu15.mp3
f:440,195
f:440,120
/voice/kocho33.mp3
/voice/yu16.mp3
/voice/kocho34.mp3
/voice/yu17.mp3
/voice/yu18.mp3
/voice/kocho35.mp3
/voice/kocho36.mp3
/voice/yu31.mp3
/voice/yu32.mp3
/voice/yu33.mp3
/voice/kocho37.mp3
/voice/yu19.mp3
/voice/kocho38.mp3
/voice/yu20.mp3
/voice/kocho39.mp3
/haikei/heyayoru.jpg
/voice/yu21.mp3
/voice/yu22.mp3
/item/file.jpg
/voice/yu23.mp3
/voice/yu24.mp3
/voice/yu25.mp3
/voice/yu26.mp3
windowfeb.jpg
/voice/kagami98.mp3
/tachie/kagami1.jpg
/voice/kagami117.mp3
/voice/kagami118.mp3
/voice/kagami119.mp3
/voice/kagami120.mp3
/voice/kagami121.mp3
/voice/kagami122.mp3
/voice/kagami123.mp3
/voice/takuya161.mp3
/voice/kagami124.mp3
/voice/takuya162.mp3
/voice/kagami125.mp3
/voice/takuya163.mp3
/voice/kagami126.mp3
/voice/takuya164.mp3
/haikei/neon.jpg
/voice/kagami127.mp3
/haikei/takuheya.jpg
/voice/takuya165.mp3
/voice/kagami128.mp3
/voice/takuya166.mp3
/voice/takuya167.mp3
/voice/kagami129.mp3
/voice/kagami130.mp3
/voice/kagami131.mp3
/voice/kagami132.mp3
/voice/takuya168.mp3
/bgm/climax.mp3
/voice/takuya169.mp3
/haikei/mati.jpg
/haikei/ge-sen.jpg
/voice/takuya170.mp3
/haikei/eki.jpg
/voice/takuya171.mp3
/voice/takuya172.mp3
/voice/takuya173.mp3
/voice/takuya174.mp3
/voice/takuya175.mp3
/sound/dododo.mp3
/voice/takuya176.mp3
/event/event48.jpg
/sound/kick.mp3
/tachie/sigasama.jpg
/voice/siga91.mp3
/event/event97.jpg
/voice/siga92.mp3
/haikei/kaikan.jpg
/haikei/sinu1.jpg
/voice/kagami133.mp3
/voice/kagami134.mp3
/voice/takuya177.mp3
/voice/kagami135.mp3
/voice/takuya178.mp3
/voice/takuya179.mp3
/haikei/sinu2.jpg
/voice/kagami136.mp3
/voice/takuya180.mp3
/voice/kagami137.mp3
/bgm/kekkon.mp3
/event/event80.jpg
/sound/kansei.mp3
/sound/hakushu.mp3
/voice/teruhiko164.mp3
/tachie/sakuya.jpg
/voice/sakuya146.mp3
/voice/kocho58.mp3
/voice/siga93.mp3
/voice/yu112.mp3
/haikei/ed9.jpg
/voice/takuya181.mp3
/voice/takuya182.mp3
/event/event71.jpg
/voice/takuya183.mp3
/voice/kagami138.mp3
/voice/kagami139.mp3
/voice/kagami140.mp3
/voice/kagami141.mp3
/se/sinden.mp3
/haikei/kositu.jpg
/event/event49.jpg
/voice/kagami143.mp3
/voice/kagami147.mp3
/voice/kagami144.mp3
/event/event50.jpg
/voice/takuya184.mp3
/voice/kagami145.mp3
/endkagami.mpg
/haikei/ed6.jpg
/se/sinden2.mp3
/haikei/ed12.jpg
/se/soccer.mp3
/haikei/koutei.jpg
/voice/sakuya118.mp3
/voice/sakuya119.mp3
/voice/sakuya120.mp3
/voice/sakuya121.mp3
/voice/sakuya122.mp3
/voice/sakuya123.mp3
/voice/sakuya124.mp3
/voice/sakuya125.mp3
/item/sexy.jpg
/voice/sakuya126.mp3
/voice/sakuya126-2.mp3
/voice/sakuya127.mp3
/se/sex.wav
/event/event44.jpg
/voice/sakuya128.mp3
/haikei/genkanyoru.jpg
/voice/yu113.mp3
/voice/yu114.mp3
/voice/yu115.mp3
/haikei/kouteiyugata.jpg
/haikei/busitukenka.jpg
/voice/sakuya129.mp3
/voice/sakuya130.mp3
/voice/kocho46.mp3
/tachie/agosatu.jpg
/voice/sakuya131.mp3
/haikei/roukatinoumi.jpg
/haikei/matiyugata.jpg
/haikei/kaihinyugata.jpg
/haikei/jyutakuyoru.jpg
/haikei/kouenyoru.jpg
/haikei/kouenyoru2.jpg
/event/event45.jpg
/voice/sakuya132.mp3
/voice/sakuya133.mp3
/event/event46-1.jpg
/sound/kick2.mp3
/event/event46-2.jpg
/haikei/ed.jpg
/tachie/sakuya2.jpg
/sound/futtobi.mp3
/voice/sakuya134.mp3
/sound/kick3.mp3
/se/kodou.mp3
/voice/sakuya135.mp3
/event/event43.jpg
/voice/sakuya136.mp3
/voice/sakuya137.mp3
/voice/sakuya138.mp3
/voice/sakuya139.mp3
/voice/sakuya140.mp3
/voice/sakuya141.mp3
/voice/sakuya142.mp3
/voice/sakuya143.mp3
/voice/sakuya144.mp3
/event/event47.jpg
/voice/sakuya145.mp3
/voice/kagami146.mp3
/voice/takuya185.mp3
/endsakuya.mpg
/haikei/ed4.jpg
/voice/siga94.mp3
/haikei/okujyomaho.jpg
/sound/rifa-.wav
/bgm/siga.mp3
/voice/siga95.mp3
/voice/siga97.mp3
/voice/siga98.mp3
/haikei/okujyomahoy.jpg
/event/event42.jpg
/voice/siga99.mp3
/voice/siga100.mp3
/voice/siga101.mp3
/voice/siga102.mp3
/voice/siga103.mp3
/haikei/yama.jpg
/tachie/sigakun.jpg
/voice/siga104.mp3
/bgm/ec.mp3
/event/event72.jpg
/sound/shakin.mp3
/voice/siga105.mp3
/haikei/siro.jpg
/voice/siga106.mp3
/voice/siga107.mp3
/haikei/maou.jpg
/voice/siga108.mp3
/voice/siga40.mp3
/voice/siga41.mp3
/voice/siga109.mp3
/bgm/maou.mid
/voice/siga110.mp3
/voice/siga44.mp3
/voice/siga111.mp3
/event/event40.jpg
/voice/siga130.mp3
/haikei/maoh.jpg
/voice/siga46.mp3
/voice/siga47.mp3
/haikei/heya.jpg
/voice/siga48.mp3
/event/event41.jpg
/endsiga.mpg
/haikei/ed8.jpg
/voice/takuya186.mp3
/voice/takuya187.mp3
/tachie/teruhikojyugyo.jpg
/voice/teruhiko170.mp3
/voice/takuya188.mp3
/voice/teruhiko171.mp3
/item/tegami.jpg
/voice/takuya189.mp3
/voice/takuya190.mp3
/event/event66.jpg
/voice/takuya191.mp3
/voice/takuya192.mp3
/voice/takuya193.mp3
/voice/takuya194.mp3
/voice/takuya195.mp3
/voice/takuya196.mp3
/voice/takuya197.mp3
/voice/takuya198.mp3
/voice/takuya199.mp3
/voice/takuya200.mp3
/voice/yu116.mp3
/voice/takuya201.mp3
/voice/takuya202.mp3
/voice/takuya203.mp3
/voice/takuya204.mp3
/voice/takuya205.mp3
/voice/takuya206.mp3
/voice/takuya217.mp3
/tachie/yuosi.jpg
/voice/yu135.mp3
/voice/yu106.mp3
/voice/yu138.mp3
/voice/yu139.mp3
/voice/yu140.mp3
/voice/takuya207.mp3
/voice/takuya208.mp3
/voice/takuya209.mp3
/voice/takuya210.mp3
/voice/takuya211.mp3
/tachie/yumukae.jpg
/voice/yu141.mp3
/voice/yu142.mp3
/haikei/okonomi.jpg
/voice/takuya212.mp3
/event/event51.jpg
/voice/takuya213.mp3
/endtakuya.mpg
/haikei/ed7.jpg
/haikei/bijyutsu.jpg
/voice/teruhiko172.mp3
/voice/teruhiko173.mp3
/voice/teruhiko174.mp3
/haikei/hoken.jpg
/event/event88.jpg
/sound/hikidoclose.mp3
/se/konaichaim.mp3
/voice/takuya214.mp3
/haikei/apart.jpg
/haikei/m_genkan.jpg
/event/event95.jpg
/voice/teruhiko141.mp3
/event/event89.jpg
/voice/teruhiko142.mp3
/voice/teruhiko143.mp3
/voice/teruhiko144.mp3
/haikei/taiikukan.jpg
/tachie/kaname.jpg
/voice/teruhiko145.mp3
/voice/teruhiko146.mp3
/voice/teruhiko147.mp3
/haikei/heyateru.jpg
/voice/teruhiko148.mp3
/voice/teruhiko149.mp3
/voice/teruhiko150.mp3
/event/event52.jpg
/sound/kiss.mp3
/voice/teruhiko151.mp3
/haikei/kyokai.jpg
/haikei/kyokainaka.jpg
/haikei/hawairibing.jpg
/haikei/ed3.jpg
/voice/teruhiko152.mp3
/bgm/yatta-.mid
/event/event53.jpg
/voice/teruhiko153.mp3
/voice/teruhiko154.mp3
/event/event54.jpg
/voice/teruhiko155.mp3
/voice/teruhiko156.mp3
/voice/takuya215.mp3
/voice/takuya216.mp3
/event/event56.jpg
/voice/teruhiko157.mp3
/event/event55.jpg
/voice/teruhiko158.mp3
/voice/teruhiko159.mp3
/voice/teruhiko160.mp3
/voice/teruhiko161.mp3
/voice/teruhiko162.mp3
/voice/teruhiko163.mp3
/endteru.mpg
/haikei/ed5.jpg
/event/gallery.jpg
/event/s_event1.jpg
/event/s_event2.jpg
/event/s_event3.jpg
/event/s_event4.jpg
/event/s_event5.jpg
/event/s_event7.jpg
/event/s_no.jpg
/save1_1.jpg
/yaji1.jpg
/exit.jpg
/event/s_event8.jpg
/event/s_event9.jpg
/event/s_event10.jpg
/event/s_event11.jpg
/event/s_event12.jpg
/event/s_event25.jpg
/event/s_event14.jpg
/event/s_event13.jpg
/event/s_event24.jpg
/event/s_event16.jpg
/event/s_event15.jpg
/event/s_event79.jpg
/event/s_event18.jpg
/event/s_event17.jpg
/event/s_event19.jpg
/event/s_event20.jpg
/event/s_event21.jpg
/event/s_event23.jpg
/event/s_event22.jpg
/event/s_event39.jpg
/event/s_event38.jpg
/event/s_event98.jpg
/event/s_event57.jpg
/event/s_event58.jpg
/event/s_event74.jpg
/event/s_event76.jpg
/event/s_event75.jpg
/event/s_event77.jpg
/event/s_event27.jpg
/event/s_event28.jpg
/event/s_event26.jpg
/event/s_event29.jpg
/event/s_event62.jpg
/event/s_event60.jpg
/event/s_event61.jpg
/event/s_event70.jpg
/event/s_event30.jpg
/event/s_event31.jpg
/event/s_event32.jpg
/event/s_event63.jpg
/event/s_event93.jpg
/event/s_event94.jpg
/event/s_event59.jpg
/event/s_event64.jpg
/event/s_event73.jpg
/event/s_event65.jpg
/event/s_event78.jpg
/event/s_event34.jpg
/event/s_event36.jpg
/event/s_event37.jpg
/event/s_event68.jpg
/event/s_event69.jpg
/event/s_event67.jpg
/event/s_event35.jpg
/event/s_event91.jpg
/event/s_event87.jpg
/event/s_event81.jpg
/event/s_event48.jpg
/event/s_event71.jpg
/event/s_event49.jpg
/yaji2.jpg
/save11_1.jpg
/save12.jpg
/save13.jpg
/save14.jpg
/save15.jpg
/save16.jpg
/event/s_event50.jpg
/event/s_event44.jpg
/event/s_event45.jpg
/event/s_event46.jpg
/event/s_event43.jpg
/event/s_event47.jpg
/save11.jpg
/save12_1.jpg
/event/s_event88.jpg
/event/s_event95.jpg
/event/s_event89.jpg
/event/s_event52.jpg
/event/s_event53.jpg
/event/s_event54.jpg
/save13_1.jpg
/event/s_event56.jpg
/event/s_event55.jpg
/event/s_event66.jpg
/event/s_event51.jpg
/event/s_event42.jpg
/event/s_event72.jpg
/save14_1.jpg
/event/s_event40.jpg
/event/s_event41.jpg
/event/s_event97.jpg
/event/s_event80.jpg
/event/s_event83.jpg
/event/s_event90.jpg
/save15_1.jpg
/event/s_event82.jpg
/event/s_event85.jpg
/event/s_event84.jpg
/event/s_event86.jpg
/event/s_event92.jpg
/event/s_event96.jpg
/save16_1.jpg
/event/v_event1.jpg
/event/v_event2.jpg
/event/v_event3.jpg
/event/v_event4.jpg
/event/v_event5.jpg
/event/v_event7.jpg
/event/v_event8.jpg
/event/v_event9-1.jpg
/event/v_event9-2.jpg
/event/v_event10-1.jpg
/event/v_event10-2.jpg
/event/v_event11.jpg
/event/v_event12.jpg
/event/v_event13.jpg
/event/v_event14.jpg
/event/v_event15.jpg
/event/v_event16.jpg
/event/v_event17.jpg
/event/v_event18.jpg
/event/v_event19.jpg
/event/v_event20.jpg
/event/v_event21.jpg
/event/v_event22.jpg
/event/v_event23.jpg
/event/v_event24.jpg
/event/v_event25.jpg
/event/v_event26.jpg
/event/v_event27.jpg
/event/v_event28.jpg
/event/v_event29.jpg
/event/v_event30.jpg
/event/v_event31.jpg
/event/v_event32-1.jpg
/event/v_event32-2.jpg
/event/v_event34.jpg
/event/v_event35.jpg
/event/v_event36.jpg
/event/v_event37.jpg
/event/v_event38.jpg
/event/v_event39-1.jpg
/event/v_event39-2.jpg
/event/v_event40.jpg
/event/v_event41.jpg
/event/v_event42.jpg
/event/v_event43.jpg
/event/v_event44.jpg
/event/v_event45.jpg
/event/v_event46.jpg
/event/v_event47.jpg
/event/v_event48.jpg
/event/v_event49.jpg
/event/v_event50.jpg
/event/v_event51.jpg
/event/v_event52.jpg
/event/v_event53.jpg
/event/v_event54.jpg
/event/v_event55.jpg
/event/v_event56.jpg
/event/v_event57.jpg
/event/v_event58.jpg
/event/v_event59.jpg
/event/v_event60.jpg
/event/v_event61.jpg
/event/v_event62.jpg
/event/v_event63.jpg
/event/v_event64.jpg
/event/v_event65.jpg
/event/v_event66.jpg
/event/v_event67.jpg
/event/v_event68.jpg
/event/v_event69.jpg
/event/v_event70.jpg
/event/v_event71.jpg
/event/v_event72.jpg
/event/v_event73.jpg
/event/v_event74.jpg
/event/v_event75.jpg
/event/v_event76.jpg
/event/v_event77.jpg
/event/v_event78-2.jpg
/event/v_event79.jpg
/event/v_event80.jpg
/event/v_event81.jpg
/event/v_event82.jpg
/event/v_event83.jpg
/event/v_event84.jpg
/event/v_event85.jpg
/event/v_event86.jpg
/event/v_event87.jpg
/event/v_event88.jpg
/event/v_event89.jpg
/event/v_event90.jpg
/event/v_event91.jpg
/event/v_event92.jpg
/event/v_event93.jpg
/event/v_event94.jpg
/event/v_event95.jpg
/event/v_event96.jpg
/event/v_event97.jpg
/event/v_event98.jpg
sa1.jpg
windowaug.jpg
/se/semi.m4a
/item/bikini.jpg
/se/machi.mp3
/tachie/sakuyashifuku.jpg
/voice/sakuya38.mp3
/se/umi.wav
/haikei/umi.jpg
/tachie/sakuyabikini.jpg
/voice/sakuya39.mp3
/voice/sakuya40.mp3
/voice/sakuya41.mp3
/item/ball.jpg
/voice/sakuya42.mp3
/event/event39-1.jpg
/event/event39-2.jpg
/voice/sakuya43.mp3
/voice/sakuya44.mp3
/voice/sakuya45.mp3
/voice/sakuya46.mp3
/haikei/ekiyoru.jpg
/voice/sakuya47.mp3
/se/natuyoru.m4a
/tachie/teruhikosifuku.jpg
/voice/teruhiko76.mp3
/voice/teruhiko77.mp3
/haikei/densha.jpg
/voice/teruhiko78.mp3
/voice/teruhiko79.mp3
/haikei/denshateisha.jpg
/voice/teruhiko80.mp3
/tachie/teruhikobikini.jpg
/voice/teruhiko81.mp3
/voice/teruhiko82.mp3
/event/event98.jpg
/voice/teruhiko85.mp3
/voice/teruhiko86.mp3
/voice/teruhiko83.mp3
/voice/teruhiko84.mp3
/event/event38.jpg
/haikei/umiyugata.jpg
/voice/teruhiko87.mp3
/voice/teruhiko88.mp3
/voice/teruhiko89.mp3
/voice/teruhiko90.mp3
/voice/teruhiko91.mp3
/voice/teruhiko92.mp3
/haikei/kouenyugata.jpg
/tachie/takusifuku.jpg
/voice/takuya57.mp3
/se/maturi.m4a
/haikei/maturi.jpg
/voice/takuya58.mp3
/voice/takuya59.mp3
/voice/takuya60.mp3
/voice/takuya61.mp3
/sound/hanabi.mp3
/haikei/hanabi.jpg
/voice/takuya62.mp3
/voice/takuya63.mp3
/voice/takuya64.mp3
/sound/call.mp3
/sound/jyuwaki.mp3
/voice/yu60.mp3
/voice/yu61.mp3
/voice/yu62.mp3
/voice/yu63.mp3
/voice/yu64.mp3
/voice/yu65.mp3
/voice/takuya65.mp3
/voice/takuya66.mp3
/voice/takuya67.mp3
/voice/takuya68.mp3
/voice/takuya69.mp3
/voice/takuya70.mp3
/voice/takuya71.mp3
/voice/takuya73.mp3
/voice/takuya74.mp3
/voice/takuya75.mp3
/event/event57.jpg
/voice/takuya77.mp3
/voice/takuya78.mp3
/voice/takuya79.mp3
/voice/takuya80.mp3
/voice/takuya81.mp3
/voice/takuya82.mp3
/voice/takuya83.mp3
/voice/takuya84.mp3
/voice/takuya85.mp3
/voice/takuya86.mp3
/voice/takuya87.mp3
/voice/takuya88.mp3
/voice/yu66.mp3
/voice/yu67.mp3
/voice/yu68.mp3
/voice/kagami55.mp3
/tachie/kagamisanba.jpg
/voice/kagami56.mp3
/voice/kagami57.mp3
/voice/kagami58.mp3
/tachie/kagamifuck.jpg
/voice/kagami59.mp3
/voice/kagami60.mp3
/voice/kagami61.mp3
/voice/kagami62.mp3
/voice/kagami63.mp3
/voice/kagami64.mp3
/voice/kagami65.mp3
/voice/yu69.mp3
/voice/yu70.mp3
/voice/yu71.mp3
/tachie/sigasanba.jpg
/voice/siga15.mp3
/voice/siga16.mp3
/voice/siga17.mp3
/voice/siga18.mp3
/voice/siga54.mp3
/voice/siga20.mp3
/event/event58.jpg
/voice/siga21.mp3
/voice/kocho66.mp3
/event/event74.jpg
/voice/kocho67.mp3
/voice/kocho68.mp3
/event/event76.jpg
/voice/kocho70.mp3
/voice/kocho71.mp3
/event/event75.jpg
/voice/kocho69.mp3
/event/event77.jpg
/voice/kocho73.mp3
/voice/kocho72.mp3
/voice/kocho74.mp3
/voice/kocho75.mp3
/voice/kocho76.mp3
/tachie/yukataie.jpg
/voice/yu72.mp3
/tachie/yukata.jpg
/voice/yu73.mp3
/voice/yu74.mp3
/voice/yu75.mp3
/voice/yu76.mp3
/voice/yu77.mp3
/voice/yu78.mp3
/voice/yu79.mp3
/voice/yu80.mp3
/voice/yu81.mp3
/voice/yu82.mp3
windowdec.jpg
/voice/teruhiko114.mp3
/voice/teruhiko115.mp3
/event/event65.jpg
/voice/teruhiko116.mp3
/voice/teruhiko117.mp3
/voice/teruhiko118.mp3
/voice/teruhiko119.mp3
/haikei/busituchoro.jpg
/voice/sakuya93.mp3
/voice/sakuya94.mp3
/tachie/sakuyayuni.jpg
/voice/sakuya95.mp3
/voice/sakuya96.mp3
/voice/sakuya97.mp3
/voice/sakuya98.mp3
/voice/takuya118.mp3
/voice/takuya119.mp3
/voice/takuya120.mp3
/voice/takuya121.mp3
/voice/takuya122.mp3
/voice/takuya123.mp3
/voice/takuya124.mp3
/haikei/panya.jpg
/voice/takuya125.mp3
/voice/takuya126.mp3
/voice/yu88.mp3
/voice/yu87.mp3
/voice/yu96.mp3
/haikei/cave.jpg
/tachie/rifa-.jpg
/voice/siga123.mp3
/haikei/cave2.jpg
/voice/siga124.mp3
/voice/siga125.mp3
/tachie/monster.jpg
/voice/siga126.mp3
/voice/siga127.mp3
/bgm/rifa-.mp3
/event/event78-1.jpg
/event/event78-2.jpg
/voice/siga128.mp3
/voice/siga131.mp3
/voice/siga129.mp3
/voice/takuya127.mp3
/voice/takuya128.mp3
/haikei/shokudo.jpg
/voice/takuya129.mp3
/voice/siga65.mp3
/voice/takuya130.mp3
/voice/siga66.mp3
/tachie/takuyaokori.jpg
/voice/takuya131.mp3
/voice/takuya132.mp3
/voice/siga67.mp3
/voice/takuya133.mp3
/voice/kocho59.mp3
/voice/kocho60.mp3
/voice/kocho61.mp3
/voice/kocho62.mp3
f:240,195
/voice/yu132.mp3
/voice/yu49.mp3
/voice/yu136.mp3
/voice/yu137.mp3
/tachie/yusanta.jpg
/tachie/kochosanba.jpg
/voice/yu133.mp3
/event/event91.jpg
/voice/yu134.mp3
/voice/sakuya99.mp3
/voice/sakuya100.mp3
/voice/sakuya101.mp3
/voice/yu97.mp3
/voice/yu98.mp3
/voice/yu99.mp3
/haikei/heyasinya.jpg
/event/event34.jpg
/item/ballmurasaki.jpg
/voice/teruhiko120.mp3
/voice/teruhiko121.mp3
/voice/teruhiko122.mp3
/tachie/teruhikochris.jpg
/voice/teruhiko123.mp3
/voice/teruhiko124.mp3
/haikei/rest.jpg
/bgm/omise.mp3
/voice/teruhiko125.mp3
/voice/teruhiko126.mp3
/voice/teruhiko127.mp3
/voice/teruhiko128.mp3
/voice/teruhiko129.mp3
/voice/teruhiko130.mp3
/voice/teruhiko131.mp3
/voice/teruhiko132.mp3
/voice/teruhiko133.mp3
/item/yuki.jpg
/voice/teruhiko134.mp3
/voice/teruhiko135.mp3
/event/event36.jpg
/voice/teruhiko136.mp3
/event/event37.jpg
/voice/teruhiko137.mp3
/voice/teruhiko138.mp3
/voice/teruhiko139.mp3
/voice/teruhiko140.mp3
/voice/teruhiko165.mp3
/voice/takuya134.mp3
/voice/takuya135.mp3
/event/event68.jpg
/voice/takuya137.mp3
/voice/takuya138.mp3
/voice/takuya139.mp3
/voice/takuya140.mp3
/tachie/takuyaokonomi.jpg
/voice/takuya141.mp3
/voice/takuya142.mp3
/sound/camera.mp3
/event/event69.jpg
/haikei/neonyoru.jpg
/voice/takuya143.mp3
/voice/takuya144.mp3
/voice/takuya145.mp3
/voice/takuya146.mp3
/voice/kagami52.mp3
/voice/kagami108.mp3
/voice/takuya147.mp3
/voice/takuya148.mp3
/voice/takuya149.mp3
/voice/kagami109.mp3
/voice/kagami110.mp3
/voice/takuya150.mp3
/voice/kagami111.mp3
/voice/takuya151.mp3
/voice/takuya152.mp3
/voice/kagami112.mp3
/tachie/kagamiegao.jpg
/voice/kagami113.mp3
/event/event67.jpg
/voice/siga63.mp3
/voice/siga64.mp3
/haikei/koso1.jpg
/haikei/koso2.jpg
/voice/siga68.mp3
/voice/siga69.mp3
/voice/siga70.mp3
/voice/siga71.mp3
/voice/siga72.mp3
/haikei/eigakann.jpg
/voice/siga73.mp3
/voice/siga74.mp3
/haikei/eigakann2.jpg
/se/ibiki.mp3
/event/event35.jpg
windowjan.jpg
/item/nenga_kagami.jpg
/item/nenga_siga.jpg
/item/nenga_teruhiko.jpg
/item/nenga_takuya.jpg
/item/nenga_sakuya.jpg
/voice/kocho77.mp3
/voice/kocho78.mp3
/voice/kocho79.mp3
/voice/teruhiko166.mp3
/voice/teruhiko167.mp3
/voice/teruhiko168.mp3
/voice/teruhiko169.mp3
/voice/sakuya102.mp3
/voice/sakuya103.mp3
/voice/sakuya104.mp3
/voice/sakuya105.mp3
/voice/sakuya106.mp3
/voice/sakuya107.mp3
/haikei/konbiniyoru.jpg
/voice/sakuya108.mp3
/voice/sakuya109.mp3
/voice/sakuya110.mp3
/voice/sakuya111.mp3
/voice/sakuya112.mp3
/voice/sakuya113.mp3
/voice/sakuya114.mp3
/voice/sakuya115.mp3
/voice/sakuya116.mp3
/event/event87.jpg
/voice/siga75.mp3
/voice/siga76.mp3
/voice/siga77.mp3
/voice/siga78.mp3
/voice/siga79.mp3
/voice/siga80.mp3
/voice/siga81.mp3
/voice/siga82.mp3
/voice/siga83.mp3
/voice/siga84.mp3
/voice/siga85.mp3
/item/hadou.jpg
/event/event81.jpg
/voice/siga86.mp3
/voice/sakuya117.mp3
/voice/siga87.mp3
/voice/siga88.mp3
/voice/siga89.mp3
/voice/siga96.mp3
/voice/siga90.mp3
/voice/takuya153.mp3
/voice/takuya154.mp3
/voice/takuya155.mp3
/voice/kagami114.mp3
/voice/takuya156.mp3
/voice/kagami115.mp3
/voice/takuya157.mp3
/voice/kagami116.mp3
/voice/takuya158.mp3
/voice/takuya159.mp3
/voice/takuya160.mp3
/item/poemy.jpg
/haikei/jirosinu.jpg
/event/event83.jpg
/endkocho.mpg
/haikei/ed11.jpg
/tachie/yunakir.jpg
/voice/yu100.mp3
/voice/yu101.mp3
/voice/yu102.mp3
/voice/yu103.mp3
/voice/yu104.mp3
/voice/yu105.mp3
/haikei/jyutakuyu.jpg
/event/event90.jpg
/event/event82.jpg
/event/event85.jpg
/event/event84.jpg
/sound/gaba.mp3
/event/event86.jpg
/voice/yu107.mp3
/voice/yu108.mp3
/tachie/yujoou.jpg
/voice/yu109.mp3
/tachie/yurand.jpg
/voice/yu110.mp3
/event/event92.jpg
/voice/yu111.mp3
/endyu.mpg
/haikei/ed10.jpg
windowjul.jpg
/voice/kagami46.mp3
/voice/kagami47.mp3
/voice/kagami48.mp3
/voice/sakuya21.mp3
/voice/sakuya22.mp3
/voice/sakuya23.mp3
/voice/sakuya24.mp3
/voice/sakuya25.mp3
/voice/sakuya26.mp3
/event/event23.jpg
/voice/sakuya27.mp3
/voice/teruhiko63.mp3
/voice/teruhiko64.mp3
/voice/teruhiko43.mp3
/haikei/pool.jpg
/event/event22.jpg
/sound/bashan.wav
/tachie/kagamizugi.jpg
/voice/kagami49.mp3
/se/pool.m4a
/voice/kagami50.mp3
/voice/kagami51.mp3
/voice/teruhiko65.mp3
/voice/teruhiko66.mp3
/voice/teruhiko67.mp3
/voice/teruhiko68.mp3
/voice/teruhiko69.mp3
/voice/teruhiko70.mp3
/voice/teruhiko71.mp3
/haikei/jyutaku_a.jpg
/voice/teruhiko72.mp3
/voice/kocho51.mp3
/voice/kocho52.mp3
/voice/yu42.mp3
/voice/kocho53.mp3
/voice/yu43.mp3
/voice/yu44.mp3
/voice/kocho54.mp3
/tachie/yumote.jpg
/voice/yu45.mp3
/voice/kocho55.mp3
/voice/yu46.mp3
/voice/yu47.mp3
/voice/kocho56.mp3
/voice/kocho57.mp3
/voice/yu48.mp3
/voice/yu50.mp3
/voice/yu51.mp3
/voice/yu52.mp3
f:300,195
f:300,220
/voice/sakuya35.mp3
/voice/sakuya36.mp3
/voice/sakuya37.mp3
/voice/yu53.mp3
/voice/yu54.mp3
/voice/yu55.mp3
/voice/yu56.mp3
/voice/yu57.mp3
/voice/teruhiko73.mp3
/voice/teruhiko74.mp3
/voice/teruhiko75.mp3
/voice/yu58.mp3
/voice/yu59.mp3
/voice/takuya54.mp3
/voice/takuya55.mp3
/voice/kagami53.mp3
/voice/kagami54.mp3
/voice/siga12.mp3
/voice/siga13.mp3
/voice/siga14.mp3
/voice/kocho63.mp3
/voice/kocho64.mp3
/voice/kocho65.mp3
windowjun.jpg
/voice/teruhiko31.mp3
/voice/teruhiko32.mp3
/event/event16.jpg
/voice/siga5.mp3
/voice/takuya43.mp3
/voice/teruhiko62.mp3
/voice/teruhiko33.mp3
/voice/teruhiko34.mp3
/voice/sakuya11.mp3
/voice/sakuya12.mp3
/voice/sakuya13.mp3
/voice/sakuya14.mp3
/event/event15.jpg
/voice/sakuya15.mp3
/bgm/karasu.m4a
/voice/sakuya16.mp3
/voice/sakuya17.mp3
/voice/sakuya18.mp3
/voice/sakuya19.mp3
/voice/sakuya20.mp3
/voice/takuya44.mp3
/voice/takuya45.mp3
/voice/takuya46.mp3
/voice/takuya47.mp3
/voice/takuya48.mp3
/event/event79.jpg
/voice/takuya49.mp3
/voice/takuya50.mp3
/voice/takuya51.mp3
/haikei/yuenchi.jpg
/voice/teruhiko35.mp3
/haikei/panel.jpg
f:240,158
/haikei/merry.jpg
/voice/takuya52.mp3
/voice/takuya53.mp3
/event/event18.jpg
/haikei/yuenchicafe.jpg
/voice/teruhiko36.mp3
/voice/teruhiko37.mp3
/sound/fukunugu.mp3
/voice/teruhiko38.mp3
/voice/teruhiko39.mp3
/event/event17.jpg
/haikei/norimono.jpg
/voice/kagami27.mp3
/voice/kagami28.mp3
/voice/kagami29.mp3
/event/event19.jpg
/haikei/ennai.jpg
/haikei/fancy.jpg
/haikei/yuenchitoire.jpg
/event/event20.jpg
/voice/teruhiko40.mp3
/haikei/okujoneko.jpg
/voice/siga24.mp3
/voice/siga7.mp3
/voice/kagami30.mp3
/voice/kagami31.mp3
/voice/kagami32.mp3
/voice/kagami33.mp3
/voice/kagami34.mp3
/voice/kocho42.mp3
/voice/kocho43.mp3
/voice/kocho44.mp3
/sound/iechaim.mp3
/voice/kagami35.mp3
/haikei/jyutakukuruma.jpg
/voice/kagami36.mp3
/haikei/kagamike1.jpg
/voice/kagami37.mp3
/haikei/kagamike2.jpg
/haikei/kagamike3.jpg
/voice/kagami38.mp3
/haikei/kagamiroom.jpg
/voice/kagami39.mp3
/tachie/kagamikimono.jpg
/voice/kagami40.mp3
/voice/kagami41.mp3
/se/enpitu.mp3
/voice/kagami42.mp3
/event/event21.jpg
/voice/kagami43.mp3
/voice/kagami44.mp3
/voice/kagami45.mp3
/voice/teruhiko41.mp3
/voice/teruhiko42.mp3
/voice/siga8.mp3
/voice/siga9.mp3
/voice/siga10.mp3
/voice/siga11.mp3
windowmay.jpg
/voice/teruhiko28.mp3
/voice/teruhiko29.mp3
/voice/teruhiko30.mp3
/tachie/takuyaundo.jpg
/voice/takuya28.mp3
/event/event12.jpg
/voice/sakuya3.mp3
/voice/takuya29.mp3
/voice/takuya30.mp3
/voice/takuya31.mp3
/voice/takuya32.mp3
/voice/takuya33.mp3
/voice/takuya34.mp3
/voice/takuya35.mp3
/item/okonomi.jpg
/voice/takuya36.mp3
/voice/takuya39.mp3
/haikei/ierouka.jpg
/voice/yu34.mp3
/voice/yu35.mp3
/voice/yu36.mp3
/voice/yu37.mp3
/tachie/yunaki.jpg
/voice/yu38.mp3
/voice/yu39.mp3
/voice/yu40.mp3
/voice/yu41.mp3
/voice/teruhiko46.mp3
/voice/teruhiko48.mp3
/event/event25.jpg
/voice/siga1.mp3
/voice/teruhiko47.mp3
/voice/siga2.mp3
/voice/teruhiko49.mp3
/voice/siga3.mp3
/voice/teruhiko50.mp3
/voice/siga4.mp3
/voice/teruhiko51.mp3
/voice/sakuya4.mp3
/voice/sakuya5.mp3
/voice/sakuya6.mp3
/event/event14.jpg
/voice/sakuya7.mp3
/voice/sakuya8.mp3
/voice/sakuya9.mp3
/voice/sakuya10.mp3
/voice/takuya37.mp3
/voice/takuya38.mp3
/voice/takuya40.mp3
/voice/takuya41.mp3
/voice/takuya42.mp3
/voice/teruhiko52.mp3
/event/event13.jpg
/voice/teruhiko53.mp3
/item/unko.jpg
/voice/teruhiko54.mp3
/voice/teruhiko55.mp3
/voice/teruhiko56.mp3
/voice/kagami10.mp3
/voice/kagami11.mp3
/voice/kagami12.mp3
/voice/kagami13.mp3
/voice/teruhiko57.mp3
/voice/teruhiko58.mp3
/voice/sakuya31.mp3
/voice/teruhiko59.mp3
/voice/sakuya32.mp3
/voice/teruhiko60.mp3
/voice/sakuya33.mp3
/voice/teruhiko61.mp3
/voice/sakuya34.mp3
/voice/kagami14.mp3
/voice/kagami15.mp3
/voice/kagami16.mp3
/voice/kagami16-2.mp3
/voice/kagami17.mp3
/voice/kagami18.mp3
/voice/kagami19.mp3
/event/event24.jpg
/voice/kagami20.mp3
/voice/kagami21.mp3
/voice/kagami149.mp3
/voice/kagami22.mp3
/voice/kagami23.mp3
/voice/kagami24.mp3
/voice/kagami25.mp3
/voice/kagami26.mp3
/voice/siga50.mp3
/voice/siga51.mp3
/voice/siga52.mp3
windownov.jpg
/voice/teruhiko109.mp3
/voice/teruhiko110.mp3
/voice/sakuya72.mp3
/haikei/bijutukan.jpg
/voice/teruhiko111.mp3
/event/event30.jpg
/voice/teruhiko112.mp3
/event/event31.jpg
/voice/teruhiko113.mp3
/voice/sakuya73.mp3
/voice/sakuya74.mp3
/voice/sakuya75.mp3
/event/event63.jpg
/voice/sakuya76.mp3
/event/event32.jpg
/event/event33.jpg
/voice/sakuya77.mp3
/voice/sakuya78.mp3
/haikei/cd.jpg
/voice/siga60.mp3
/voice/siga61.mp3
/voice/siga62.mp3
/tachie/yukaze.jpg
/voice/yu89.mp3
/voice/yu90.mp3
/haikei/ed2.jpg
/voice/yu91.mp3
/event/event93.jpg
/event/event94.jpg
/voice/yu92.mp3
/voice/yu93.mp3
/voice/yu94.mp3
/voice/kagami99.mp3
/voice/kagami100.mp3
/voice/kagami101.mp3
/voice/kagami102.mp3
/voice/kagami103.mp3
/voice/kagami104.mp3
/voice/kagami105.mp3
/voice/kagami106.mp3
/voice/kagami107.mp3
/voice/siga119.mp3
/voice/siga120.mp3
/event/event70.jpg
/voice/siga121.mp3
/voice/siga122.mp3
/haikei/bunkasai.jpg
/voice/takuya111.mp3
/voice/takuya112.mp3
/voice/takuya113.mp3
/voice/takuya114.mp3
/voice/takuya115.mp3
/voice/takuya116.mp3
/voice/takuya117.mp3
/voice/sakuya79.mp3
/voice/sakuya80.mp3
/voice/sakuya81.mp3
/voice/sakuya82.mp3
/voice/sakuya83.mp3
/voice/sakuya84.mp3
/voice/sakuya85.mp3
/voice/sakuya86.mp3
/voice/sakuya87.mp3
/voice/sakuya88.mp3
/event/event59.jpg
/sound/kanseilive.mp3
/voice/sakuya89.mp3
/voice/sakuya90.mp3
/voice/sakuya91.mp3
/voice/sakuya92.mp3
/bgm/dokicafe.mp3
/event/event64.jpg
/voice/yu95.mp3
/haikei/cafe.jpg
/tachie/yumeido.jpg
/voice/yu118.mp3
/voice/yu119.mp3
/voice/yu120.mp3
/voice/yu121.mp3
/voice/yu122.mp3
/event/event73.jpg
/voice/yu123.mp3
/voice/yu124.mp3
windowoct.jpg
/haikei/wc_m.jpg
/se/toire.mp3
/voice/sakuya62.mp3
/voice/sakuya63.mp3
/voice/sakuya64.mp3
/voice/sakuya65.mp3
/voice/siga27.mp3
/voice/siga28.mp3
/item/onigiri.jpg
/voice/siga29.mp3
/voice/siga30.mp3
/voice/siga31.mp3
/voice/siga32.mp3
/voice/siga33.mp3
/voice/siga34.mp3
/voice/siga35.mp3
/voice/siga36.mp3
/voice/siga37.mp3
/voice/siga38.mp3
/voice/takuya105.mp3
/voice/takuya106.mp3
/voice/takuya107.mp3
/voice/takuya108.mp3
/tachie/takuya3.jpg
/voice/takuya109.mp3
/tachie/takuya2.jpg
/event/event29.jpg
/voice/takuya110.mp3
/haikei/ed1.jpg
/voice/teruhiko101.mp3
/voice/teruhiko102.mp3
/voice/teruhiko103.mp3
/voice/teruhiko104.mp3
/voice/teruhiko105.mp3
/voice/teruhiko106.mp3
/voice/sakuya66.mp3
/voice/sakuya67.mp3
/voice/sakuya68.mp3
/haikei/pari.jpg
/haikei/ejiputo.jpg
/haikei/kyoto.jpg
/voice/sakuya69.mp3
/haikei/kitchen.jpg
/voice/sakuya70.mp3
/voice/sakuya71.mp3
/voice/kagami79.mp3
/voice/kagami80.mp3
/voice/kagami81.mp3
/voice/kagami82.mp3
/voice/kagami83.mp3
/voice/kagami84.mp3
/voice/kagami85.mp3
/voice/kagami86.mp3
/voice/kagami87.mp3
/voice/kagami88.mp3
/voice/kagami89.mp3
/voice/kagami90.mp3
/voice/kagami91.mp3
/voice/kagami92.mp3
/voice/kagami93.mp3
/voice/kagami94.mp3
/tachie/kagamiundo.jpg
/voice/kagami95.mp3
/sound/gun.wav
/event/event62.jpg
/voice/kagami96.mp3
/voice/kagami97.mp3
/voice/teruhiko107.mp3
/voice/teruhiko108.mp3
/tachie/sigaundo.jpg
/voice/siga53.mp3
/event/event60.jpg
/voice/siga55.mp3
/event/event61.jpg
/voice/siga56.mp3
/voice/siga57.mp3
/voice/siga58.mp3
/voice/siga59.mp3
windowsep.jpg
/voice/teruhiko93.mp3
/item/teruhikonoe1.jpg
/voice/teruhiko94.mp3
/voice/teruhiko95.mp3
/voice/sakuya48.mp3
/voice/sakuya49.mp3
/voice/sakuya50.mp3
/voice/sakuya51.mp3
/voice/takuya89.mp3
/voice/kagami66.mp3
/voice/takuya90.mp3
/voice/kagami67.mp3
/voice/takuya91.mp3
/voice/kagami68.mp3
/voice/takuya92.mp3
/voice/takuya93.mp3
/voice/kagami69.mp3
/voice/takuya94.mp3
/voice/kagami148.mp3
/voice/kagami70.mp3
/voice/takuya95.mp3
/voice/takuya96.mp3
/voice/takuya97.mp3
/voice/takuya98.mp3
/voice/kagami71.mp3
/voice/takuya99.mp3
/voice/kagami72.mp3
/voice/takuya100.mp3
/voice/kagami73.mp3
/voice/takuya101.mp3
/voice/kagami74.mp3
/voice/takuya102.mp3
/event/event27.jpg
/voice/takuya103.mp3
/voice/kagami75.mp3
/voice/kagami76.mp3
/voice/kagami76-2.mp3
/voice/kagami77.mp3
/voice/kagami78.mp3
/voice/takuya104.mp3
/voice/sakuya52.mp3
/voice/sakuya53.mp3
/event/event28.jpg
/voice/sakuya54.mp3
/voice/sakuya55.mp3
/voice/sakuya56.mp3
/voice/sakuya57.mp3
/voice/sakuya58.mp3
/voice/sakuya59.mp3
/voice/sakuya60.mp3
/voice/sakuya61.mp3
/voice/yu83.mp3
/voice/yu84.mp3
/voice/yu85.mp3
/voice/yu86.mp3
/voice/siga112.mp3
/voice/siga113.mp3
/voice/teruhiko96.mp3
/event/event26.jpg
/voice/teruhiko97.mp3
/voice/siga25.mp3
/voice/siga26.mp3
/voice/teruhiko98.mp3
/voice/teruhiko99.mp3
/voice/teruhiko100.mp3
/voice/siga114.mp3
/voice/siga115.mp3
/voice/siga116.mp3
/voice/siga117.mp3
/voice/siga118.mp3
