OFFSET: 00 00 00 00 setting.txt@
OFFSET: 00 00 00 25 endkagami.txt@
OFFSET: 00 00 04 77 endkagami.txt@unun
OFFSET: 00 00 06 12 endkagami.txt@end3
OFFSET: 00 00 08 F0 endkagami.txt@goodluck
OFFSET: 00 00 06 2B endkagami.txt@normal
OFFSET: 00 00 07 92 endkagami.txt@kekkon
OFFSET: 00 00 08 D1 endkagami.txt@end2
OFFSET: 00 00 08 F2 endkagami.txt@unkositekuru
OFFSET: 00 00 09 86 endkagami.txt@end1
OFFSET: 00 00 09 96 endsakuya.txt@
OFFSET: 00 00 0A A5 endsakuya.txt@sexy
OFFSET: 00 00 0A B6 endsakuya.txt@sexy22
OFFSET: 00 00 0A C7 endsakuya.txt@sinai
OFFSET: 00 00 0A D6 endsakuya.txt@sinai2
OFFSET: 00 00 0A E5 endsakuya.txt@suru
OFFSET: 00 00 0C 2C endsakuya.txt@kocho
OFFSET: 00 00 0C 63 endsakuya.txt@kocho2
OFFSET: 00 00 0C 81 endsakuya.txt@bukatu
OFFSET: 00 00 0D AD endsakuya.txt@mimi
OFFSET: 00 00 0D FD endsakuya.txt@battle
OFFSET: 00 00 0E 35 endsakuya.txt@migi
OFFSET: 00 00 0E 5F endsakuya.txt@hidari
OFFSET: 00 00 0E 9D endsakuya.txt@end1
OFFSET: 00 00 0E BC endsakuya.txt@hidari2
OFFSET: 00 00 10 C6 endsakuya.txt@end3
OFFSET: 00 00 0F 19 endsakuya.txt@migi2
OFFSET: 00 00 0F 41 endsakuya.txt@mizo
OFFSET: 00 00 0F 84 endsakuya.txt@mizo2
OFFSET: 00 00 10 82 endsakuya.txt@migi3
OFFSET: 00 00 0F D3 endsakuya.txt@end4
OFFSET: 00 00 10 20 endsakuya.txt@hidari3
OFFSET: 00 00 10 5E endsakuya.txt@end2
OFFSET: 00 00 10 EA endsakuya.txt@hidari9
OFFSET: 00 00 10 F6 endsakuya.txt@isiki
OFFSET: 00 00 12 03 endsakuya.txt@kosian
OFFSET: 00 00 12 42 endsakuya.txt@end
OFFSET: 00 00 13 C5 endsakuya.txt@goodluck
OFFSET: 00 00 12 68 endsakuya.txt@kekon
OFFSET: 00 00 13 AB endsakuya.txt@end5
OFFSET: 00 00 13 C7 endsiga.txt@
OFFSET: 00 00 14 A9 endsiga.txt@kocho
OFFSET: 00 00 14 E1 endsiga.txt@kocho2
OFFSET: 00 00 15 12 endsiga.txt@neru
OFFSET: 00 00 15 62 endsiga.txt@end
OFFSET: 00 00 15 79 endsiga.txt@okujyo
OFFSET: 00 00 15 C5 endsiga.txt@un
OFFSET: 00 00 17 7F endsiga.txt@moti
OFFSET: 00 00 18 C2 endsiga.txt@end2
OFFSET: 00 00 18 DC endsiga.txt@goodluck
OFFSET: 00 00 18 DE endtakuya.txt@
OFFSET: 00 00 1B 55 endtakuya.txt@mo
OFFSET: 00 00 1B AB endtakuya.txt@pou
OFFSET: 00 00 1E C8 endtakuya.txt@end2
OFFSET: 00 00 1E E7 endtakuya.txt@goodluck
OFFSET: 00 00 1E E9 endteruhiko.txt@
OFFSET: 00 00 20 F8 endteruhiko.txt@utut
OFFSET: 00 00 24 5D endteruhiko.txt@tikawan
OFFSET: 00 00 24 76 endteruhiko.txt@tikawan2
OFFSET: 00 00 24 8F endteruhiko.txt@tikau
OFFSET: 00 00 24 FD endteruhiko.txt@end
OFFSET: 00 00 25 14 endteruhiko.txt@tikawan3
OFFSET: 00 00 27 3D endteruhiko.txt@end2
OFFSET: 00 00 27 57 endteruhiko.txt@goodluck
OFFSET: 00 00 27 59 gallery.txt@
OFFSET: 00 00 27 5D gallery.txt@gallery
OFFSET: 00 00 27 6C gallery.txt@gallery1
OFFSET: 00 00 28 8C gallery.txt@gallery2
OFFSET: 00 00 29 AC gallery.txt@gallery3
OFFSET: 00 00 2A CC gallery.txt@gallery4
OFFSET: 00 00 2B EC gallery.txt@gallery5
OFFSET: 00 00 2D 0C gallery.txt@gallery6
OFFSET: 00 00 2E 2C gallery.txt@gallery7
OFFSET: 00 00 2F 4C gallery.txt@gallery8
OFFSET: 00 00 30 6C gallery.txt@gallery9
OFFSET: 00 00 31 8C gallery.txt@gallery10
OFFSET: 00 00 32 AC gallery.txt@gallery11
OFFSET: 00 00 33 A8 gallery.txt@gallery12
OFFSET: 00 00 34 A4 gallery.txt@gallery13
OFFSET: 00 00 35 A0 gallery.txt@gallery14
OFFSET: 00 00 36 9C gallery.txt@gallery15
OFFSET: 00 00 37 98 gallery.txt@gallery16
OFFSET: 00 00 38 94 gallery.txt@titlehe
OFFSET: 00 00 38 9D gallery.txt@g1
OFFSET: 00 00 38 AE gallery.txt@g2
OFFSET: 00 00 38 BF gallery.txt@g3
OFFSET: 00 00 38 D0 gallery.txt@g4
OFFSET: 00 00 38 E1 gallery.txt@g5
OFFSET: 00 00 38 F2 gallery.txt@g7
OFFSET: 00 00 39 03 gallery.txt@g8
OFFSET: 00 00 39 14 gallery.txt@g9-1
OFFSET: 00 00 39 20 gallery.txt@g9-2
OFFSET: 00 00 39 31 gallery.txt@g10-1
OFFSET: 00 00 39 3D gallery.txt@g10-2
OFFSET: 00 00 39 4E gallery.txt@g11
OFFSET: 00 00 39 5F gallery.txt@g12
OFFSET: 00 00 39 70 gallery.txt@g13
OFFSET: 00 00 39 81 gallery.txt@g14
OFFSET: 00 00 39 92 gallery.txt@g15
OFFSET: 00 00 39 A3 gallery.txt@g16
OFFSET: 00 00 39 B4 gallery.txt@g17
OFFSET: 00 00 39 C5 gallery.txt@g18
OFFSET: 00 00 39 D6 gallery.txt@g19
OFFSET: 00 00 39 E7 gallery.txt@g20
OFFSET: 00 00 39 F8 gallery.txt@g21
OFFSET: 00 00 3A 09 gallery.txt@g22
OFFSET: 00 00 3A 1A gallery.txt@g23
OFFSET: 00 00 3A 2B gallery.txt@g24
OFFSET: 00 00 3A 3C gallery.txt@g25
OFFSET: 00 00 3A 4D gallery.txt@g26
OFFSET: 00 00 3A 5E gallery.txt@g27
OFFSET: 00 00 3A 6F gallery.txt@g28
OFFSET: 00 00 3A 80 gallery.txt@g29
OFFSET: 00 00 3A 91 gallery.txt@g30
OFFSET: 00 00 3A A2 gallery.txt@g31
OFFSET: 00 00 3A B3 gallery.txt@g32
OFFSET: 00 00 3A BF gallery.txt@g32-2
OFFSET: 00 00 3A D0 gallery.txt@g34
OFFSET: 00 00 3A E1 gallery.txt@g35
OFFSET: 00 00 3A F2 gallery.txt@g36
OFFSET: 00 00 3B 03 gallery.txt@g37
OFFSET: 00 00 3B 14 gallery.txt@g38
OFFSET: 00 00 3B 25 gallery.txt@g39
OFFSET: 00 00 3B 31 gallery.txt@g39-2
OFFSET: 00 00 3B 42 gallery.txt@g40
OFFSET: 00 00 3B 53 gallery.txt@g41
OFFSET: 00 00 3B 64 gallery.txt@g42
OFFSET: 00 00 3B 75 gallery.txt@g43
OFFSET: 00 00 3B 86 gallery.txt@g44
OFFSET: 00 00 3B 97 gallery.txt@g45
OFFSET: 00 00 3B A8 gallery.txt@g46
OFFSET: 00 00 3B B9 gallery.txt@g47
OFFSET: 00 00 3B CA gallery.txt@g48
OFFSET: 00 00 3B DB gallery.txt@g49
OFFSET: 00 00 3B EC gallery.txt@g50
OFFSET: 00 00 3B FD gallery.txt@g51
OFFSET: 00 00 3C 0E gallery.txt@g52
OFFSET: 00 00 3C 1F gallery.txt@g53
OFFSET: 00 00 3C 30 gallery.txt@g54
OFFSET: 00 00 3C 41 gallery.txt@g55
OFFSET: 00 00 3C 52 gallery.txt@g56
OFFSET: 00 00 3C 63 gallery.txt@g57
OFFSET: 00 00 3C 74 gallery.txt@g58
OFFSET: 00 00 3C 85 gallery.txt@g59
OFFSET: 00 00 3C 96 gallery.txt@g60
OFFSET: 00 00 3C A7 gallery.txt@g61
OFFSET: 00 00 3C B8 gallery.txt@g62
OFFSET: 00 00 3C C9 gallery.txt@g63
OFFSET: 00 00 3C DA gallery.txt@g64
OFFSET: 00 00 3C EB gallery.txt@g65
OFFSET: 00 00 3C FC gallery.txt@g66
OFFSET: 00 00 3D 0D gallery.txt@g67
OFFSET: 00 00 3D 1E gallery.txt@g68
OFFSET: 00 00 3D 2F gallery.txt@g69
OFFSET: 00 00 3D 40 gallery.txt@g70
OFFSET: 00 00 3D 51 gallery.txt@g71
OFFSET: 00 00 3D 62 gallery.txt@g72
OFFSET: 00 00 3D 73 gallery.txt@g73
OFFSET: 00 00 3D 84 gallery.txt@g74
OFFSET: 00 00 3D 95 gallery.txt@g75
OFFSET: 00 00 3D A6 gallery.txt@g76
OFFSET: 00 00 3D B7 gallery.txt@g77
OFFSET: 00 00 3D C8 gallery.txt@g78
OFFSET: 00 00 3D D9 gallery.txt@g79
OFFSET: 00 00 3D EA gallery.txt@g80
OFFSET: 00 00 3D FB gallery.txt@g81
OFFSET: 00 00 3E 0C gallery.txt@g82
OFFSET: 00 00 3E 1D gallery.txt@g83
OFFSET: 00 00 3E 2E gallery.txt@g84
OFFSET: 00 00 3E 3F gallery.txt@g85
OFFSET: 00 00 3E 50 gallery.txt@g86
OFFSET: 00 00 3E 61 gallery.txt@g87
OFFSET: 00 00 3E 72 gallery.txt@g88
OFFSET: 00 00 3E 83 gallery.txt@g89
OFFSET: 00 00 3E 94 gallery.txt@g90
OFFSET: 00 00 3E A5 gallery.txt@g91
OFFSET: 00 00 3E B6 gallery.txt@g92
OFFSET: 00 00 3E C7 gallery.txt@g93
OFFSET: 00 00 3E D8 gallery.txt@g94
OFFSET: 00 00 3E E9 gallery.txt@g95
OFFSET: 00 00 3E FA gallery.txt@g96
OFFSET: 00 00 3F 0B gallery.txt@g97
OFFSET: 00 00 3F 1C gallery.txt@g98
OFFSET: 00 00 3F 2D loadlib.txt@
OFFSET: 00 00 3F 34 loadlib.txt@page1
OFFSET: 00 00 3F 41 loadlib.txt@p1_b1
OFFSET: 00 00 3F 57 loadlib.txt@p1_b2
OFFSET: 00 00 3F 6D loadlib.txt@p1_b3
OFFSET: 00 00 3F 83 loadlib.txt@p1_e1
OFFSET: 00 00 3F CB loadlib.txt@p1_c1
OFFSET: 00 00 3F DA loadlib.txt@p1_select
OFFSET: 00 00 40 5D loadlib.txt@page2
OFFSET: 00 00 40 6A loadlib.txt@p2_b1
OFFSET: 00 00 40 80 loadlib.txt@p2_b2
OFFSET: 00 00 40 96 loadlib.txt@p2_b3
OFFSET: 00 00 40 AC loadlib.txt@p2_e1
OFFSET: 00 00 40 F3 loadlib.txt@p2_c1
OFFSET: 00 00 41 02 loadlib.txt@p2_select
OFFSET: 00 00 41 85 loadlib.txt@page3
OFFSET: 00 00 41 92 loadlib.txt@p3_b1
OFFSET: 00 00 41 A8 loadlib.txt@p3_b2
OFFSET: 00 00 41 BE loadlib.txt@p3_b3
OFFSET: 00 00 41 D4 loadlib.txt@p3_e1
OFFSET: 00 00 42 1B loadlib.txt@p3_c1
OFFSET: 00 00 42 2A loadlib.txt@p3_select
OFFSET: 00 00 42 AD loadlib.txt@page4
OFFSET: 00 00 42 B7 loadlib.txt@p4_b1
OFFSET: 00 00 42 CD loadlib.txt@p4_b2
OFFSET: 00 00 42 E3 loadlib.txt@p4_b3
OFFSET: 00 00 42 F9 loadlib.txt@p4_e1
OFFSET: 00 00 43 40 loadlib.txt@p4_c1
OFFSET: 00 00 43 4F loadlib.txt@p4_select
OFFSET: 00 00 43 D2 loadlib.txt@page5
OFFSET: 00 00 43 DF loadlib.txt@p5_b1
OFFSET: 00 00 43 F5 loadlib.txt@p5_b2
OFFSET: 00 00 44 0B loadlib.txt@p5_b3
OFFSET: 00 00 44 21 loadlib.txt@p5_e1
OFFSET: 00 00 44 68 loadlib.txt@p5_c1
OFFSET: 00 00 44 77 loadlib.txt@p5_select
OFFSET: 00 00 44 FA loadlib.txt@page6
OFFSET: 00 00 45 07 loadlib.txt@p6_b1
OFFSET: 00 00 45 1D loadlib.txt@p6_b2
OFFSET: 00 00 45 33 loadlib.txt@p6_b3
OFFSET: 00 00 45 49 loadlib.txt@p6_e1
OFFSET: 00 00 45 90 loadlib.txt@p6_c1
OFFSET: 00 00 45 9F loadlib.txt@p6_select
OFFSET: 00 00 46 22 loadlib.txt@page7
OFFSET: 00 00 46 2F loadlib.txt@p7_b1
OFFSET: 00 00 46 45 loadlib.txt@p7_b2
OFFSET: 00 00 46 5B loadlib.txt@p7_b3
OFFSET: 00 00 46 71 loadlib.txt@p7_e1
OFFSET: 00 00 46 B8 loadlib.txt@p7_c1
OFFSET: 00 00 46 C7 loadlib.txt@p7_select
OFFSET: 00 00 47 4A loadlib.txt@page8
OFFSET: 00 00 47 57 loadlib.txt@p8_b1
OFFSET: 00 00 47 6D loadlib.txt@p8_b2
OFFSET: 00 00 47 83 loadlib.txt@p8_b3
OFFSET: 00 00 47 99 loadlib.txt@p8_e1
OFFSET: 00 00 47 E0 loadlib.txt@p8_c1
OFFSET: 00 00 47 EF loadlib.txt@p8_select
OFFSET: 00 00 48 72 loadlib.txt@page9
OFFSET: 00 00 48 7F loadlib.txt@p9_b1
OFFSET: 00 00 48 95 loadlib.txt@p9_b2
OFFSET: 00 00 48 AB loadlib.txt@p9_b3
OFFSET: 00 00 48 C1 loadlib.txt@p9_e1
OFFSET: 00 00 49 08 loadlib.txt@p9_c1
OFFSET: 00 00 49 17 loadlib.txt@p9_select
OFFSET: 00 00 49 9A loadlib.txt@page10
OFFSET: 00 00 49 A4 loadlib.txt@p10_b1
OFFSET: 00 00 49 BA loadlib.txt@p10_b2
OFFSET: 00 00 49 D0 loadlib.txt@p10_b3
OFFSET: 00 00 49 E6 loadlib.txt@p10_e1
OFFSET: 00 00 4A 2D loadlib.txt@p10_c1
OFFSET: 00 00 4A 3C loadlib.txt@p10_select
OFFSET: 00 00 4A BF loadlib.txt@cancel
OFFSET: 00 00 4A C7 loadlib.txt@DrawButton
OFFSET: 00 00 4B 04 omake.txt@
OFFSET: 00 00 4C 3C reset.txt@
OFFSET: 00 00 4C 98 savelib.txt@
OFFSET: 00 00 4C 99 savelib.txt@page1
OFFSET: 00 00 4C A6 savelib.txt@p1_b1
OFFSET: 00 00 4C BF savelib.txt@p1_b2
OFFSET: 00 00 4C D5 savelib.txt@p1_b3
OFFSET: 00 00 4C EB savelib.txt@p1_e1
OFFSET: 00 00 4D 33 savelib.txt@p1_c1
OFFSET: 00 00 4D 42 savelib.txt@p1_select
OFFSET: 00 00 4D C9 savelib.txt@page2
OFFSET: 00 00 4D D6 savelib.txt@p2_b1
OFFSET: 00 00 4D EC savelib.txt@p2_b2
OFFSET: 00 00 4E 02 savelib.txt@p2_b3
OFFSET: 00 00 4E 18 savelib.txt@p2_e1
OFFSET: 00 00 4E 5F savelib.txt@p2_c1
OFFSET: 00 00 4E 6E savelib.txt@p2_select
OFFSET: 00 00 4E F5 savelib.txt@page3
OFFSET: 00 00 4F 02 savelib.txt@p3_b1
OFFSET: 00 00 4F 18 savelib.txt@p3_b2
OFFSET: 00 00 4F 2E savelib.txt@p3_b3
OFFSET: 00 00 4F 44 savelib.txt@p3_e1
OFFSET: 00 00 4F 8B savelib.txt@p3_c1
OFFSET: 00 00 4F 9A savelib.txt@p3_select
OFFSET: 00 00 50 21 savelib.txt@page4
OFFSET: 00 00 50 2B savelib.txt@p4_b1
OFFSET: 00 00 50 41 savelib.txt@p4_b2
OFFSET: 00 00 50 57 savelib.txt@p4_b3
OFFSET: 00 00 50 6D savelib.txt@p4_e1
OFFSET: 00 00 50 B4 savelib.txt@p4_c1
OFFSET: 00 00 50 C3 savelib.txt@p4_select
OFFSET: 00 00 51 4A savelib.txt@page5
OFFSET: 00 00 51 57 savelib.txt@p5_b1
OFFSET: 00 00 51 6D savelib.txt@p5_b2
OFFSET: 00 00 51 83 savelib.txt@p5_b3
OFFSET: 00 00 51 99 savelib.txt@p5_e1
OFFSET: 00 00 51 E0 savelib.txt@p5_c1
OFFSET: 00 00 51 EF savelib.txt@p5_select
OFFSET: 00 00 52 76 savelib.txt@page6
OFFSET: 00 00 52 83 savelib.txt@p6_b1
OFFSET: 00 00 52 99 savelib.txt@p6_b2
OFFSET: 00 00 52 AF savelib.txt@p6_b3
OFFSET: 00 00 52 C5 savelib.txt@p6_e1
OFFSET: 00 00 53 0C savelib.txt@p6_c1
OFFSET: 00 00 53 1B savelib.txt@p6_select
OFFSET: 00 00 53 A2 savelib.txt@page7
OFFSET: 00 00 53 AF savelib.txt@p7_b1
OFFSET: 00 00 53 C5 savelib.txt@p7_b2
OFFSET: 00 00 53 DB savelib.txt@p7_b3
OFFSET: 00 00 53 F1 savelib.txt@p7_e1
OFFSET: 00 00 54 38 savelib.txt@p7_c1
OFFSET: 00 00 54 47 savelib.txt@p7_select
OFFSET: 00 00 54 CE savelib.txt@page8
OFFSET: 00 00 54 DB savelib.txt@p8_b1
OFFSET: 00 00 54 F1 savelib.txt@p8_b2
OFFSET: 00 00 55 07 savelib.txt@p8_b3
OFFSET: 00 00 55 1D savelib.txt@p8_e1
OFFSET: 00 00 55 64 savelib.txt@p8_c1
OFFSET: 00 00 55 73 savelib.txt@p8_select
OFFSET: 00 00 55 FA savelib.txt@page9
OFFSET: 00 00 56 07 savelib.txt@p9_b1
OFFSET: 00 00 56 1D savelib.txt@p9_b2
OFFSET: 00 00 56 33 savelib.txt@p9_b3
OFFSET: 00 00 56 49 savelib.txt@p9_e1
OFFSET: 00 00 56 90 savelib.txt@p9_c1
OFFSET: 00 00 56 9F savelib.txt@p9_select
OFFSET: 00 00 57 26 savelib.txt@page10
OFFSET: 00 00 57 30 savelib.txt@p10_b1
OFFSET: 00 00 57 46 savelib.txt@p10_b2
OFFSET: 00 00 57 5C savelib.txt@p10_b3
OFFSET: 00 00 57 72 savelib.txt@p10_e1
OFFSET: 00 00 57 B9 savelib.txt@p10_c1
OFFSET: 00 00 57 C8 savelib.txt@p10_select
OFFSET: 00 00 58 4F savelib.txt@cancel
OFFSET: 00 00 58 7D savelib.txt@yucan
OFFSET: 00 00 58 8E savelib.txt@saveowari
OFFSET: 00 00 58 C3 savelib.txt@kocho2
OFFSET: 00 00 58 E1 savelib.txt@continue
OFFSET: 00 00 58 F0 savelib.txt@end
OFFSET: 00 00 59 07 savelib.txt@yu
OFFSET: 00 00 59 1D savelib.txt@yu2
OFFSET: 00 00 59 3B savelib.txt@continue2
OFFSET: 00 00 59 4A savelib.txt@end2
OFFSET: 00 00 59 61 savelib.txt@DrawButton
OFFSET: 00 00 59 99 scenario.txt@
OFFSET: 00 00 59 B6 scenario.txt@title
OFFSET: 00 00 59 FF scenario.txt@title2
OFFSET: 00 00 5A 54 scenario.txt@tuzuki
OFFSET: 00 00 5A 58 scenario.txt@hajime
OFFSET: 00 00 5A 5A scenario.txt@hajimechan
OFFSET: 00 00 5A 7A scenario.txt@lastname
OFFSET: 00 00 5A 8A scenario.txt@firstname
OFFSET: 00 00 5A A4 scenario.txt@honpen
OFFSET: 00 00 5B 52 scenario.txt@shokuin
OFFSET: 00 00 5C D3 scenario.txt@kocho
OFFSET: 00 00 5D 1C scenario.txt@kocho2
OFFSET: 00 00 5D 58 scenario.txt@kocho3
OFFSET: 00 00 5E 4E scenario.txt@tanken
OFFSET: 00 00 5E 82 scenario.txt@tanken-1
OFFSET: 00 00 5F 5B scenario.txt@tanken-2
OFFSET: 00 00 60 25 scenario.txt@ie
OFFSET: 00 00 60 F2 scenario.txt@2ie
OFFSET: 00 00 62 04 scenario.txt@omake
OFFSET: 00 00 63 28 scenario.txt@omake2
OFFSET: 00 00 64 0A scenario.txt@erabyu
OFFSET: 00 00 64 30 scenario.txt@mittu
OFFSET: 00 00 64 FA scenario.txt@saotome
OFFSET: 00 00 65 84 scenario.txt@teruu
OFFSET: 00 00 65 AA scenario.txt@kaga-mi
OFFSET: 00 00 65 D0 scenario.txt@kochon
OFFSET: 00 00 66 02 scenario.txt@yucha-n
OFFSET: 00 00 66 E2 scenario.txt@boku
OFFSET: 00 00 67 3B scenario.txt@apr2
OFFSET: 00 00 67 9A scenario.txt@4_2kocho
OFFSET: 00 00 67 B3 scenario.txt@4_2kocho2
OFFSET: 00 00 67 D8 scenario.txt@gakkorekisi
OFFSET: 00 00 67 F4 scenario.txt@kochopurofu
OFFSET: 00 00 68 1D scenario.txt@zannyokan
OFFSET: 00 00 68 2C scenario.txt@chaim
OFFSET: 00 00 68 6D scenario.txt@4_2kocho3
OFFSET: 00 00 68 9A scenario.txt@4_2kocho5
OFFSET: 00 00 69 83 scenario.txt@gasshaa
OFFSET: 00 00 6A 90 scenario.txt@sannitime
OFFSET: 00 00 6A E1 scenario.txt@kiku
OFFSET: 00 00 6B 19 scenario.txt@kiku2
OFFSET: 00 00 6B 40 scenario.txt@kikanai
OFFSET: 00 00 6B 66 scenario.txt@katei
OFFSET: 00 00 6B FE scenario.txt@gakushoku
OFFSET: 00 00 6D A9 scenario.txt@koshositu
OFFSET: 00 00 6E 16 scenario.txt@matana
OFFSET: 00 00 6E 35 scenario.txt@seitosido
OFFSET: 00 00 6F 11 scenario.txt@tuginohi
OFFSET: 00 00 6F FE scenario.txt@watasu
OFFSET: 00 00 70 4C scenario.txt@watasanai
OFFSET: 00 00 70 68 scenario.txt@kyositu
OFFSET: 00 00 72 24 scenario.txt@nai2
OFFSET: 00 00 72 52 scenario.txt@mitu
OFFSET: 00 00 72 9E scenario.txt@sai
OFFSET: 00 00 72 EA scenario.txt@kaga
OFFSET: 00 00 73 36 scenario.txt@sao
OFFSET: 00 00 73 82 scenario.txt@nai
OFFSET: 00 00 73 CB scenario.txt@jiro
OFFSET: 00 00 74 05 scenario.txt@yu
OFFSET: 00 00 74 3A scenario.txt@kaere
OFFSET: 00 00 75 67 scenarioaug.txt@
OFFSET: 00 00 75 A3 scenarioaug.txt@sakuya
OFFSET: 00 00 75 D6 scenarioaug.txt@sakuiku
OFFSET: 00 00 75 E3 scenarioaug.txt@sakuikanai
OFFSET: 00 00 75 F4 scenarioaug.txt@sakueki
OFFSET: 00 00 76 7B scenarioaug.txt@sakuiku2
OFFSET: 00 00 76 8D scenarioaug.txt@sakuikanai2
OFFSET: 00 00 76 A6 scenarioaug.txt@sakupass
OFFSET: 00 00 77 E1 scenarioaug.txt@teruhiko
OFFSET: 00 00 78 14 scenarioaug.txt@teruiku
OFFSET: 00 00 78 21 scenarioaug.txt@teruikanai
OFFSET: 00 00 78 32 scenarioaug.txt@terueki
OFFSET: 00 00 79 24 scenarioaug.txt@teruiku2
OFFSET: 00 00 79 75 scenarioaug.txt@teruikanai2
OFFSET: 00 00 79 C7 scenarioaug.txt@terusibuki
OFFSET: 00 00 7A 82 scenarioaug.txt@takuya
OFFSET: 00 00 7E 9A scenarioaug.txt@kagami
OFFSET: 00 00 80 53 scenarioaug.txt@siga
OFFSET: 00 00 80 E3 scenarioaug.txt@sanba
OFFSET: 00 00 82 2E scenarioaug.txt@kocho
OFFSET: 00 00 82 BA scenarioaug.txt@nuru
OFFSET: 00 00 82 F4 scenarioaug.txt@nuru2
OFFSET: 00 00 83 2E scenarioaug.txt@nuru3
OFFSET: 00 00 83 59 scenarioaug.txt@nuranai
OFFSET: 00 00 83 67 scenarioaug.txt@jiroumi
OFFSET: 00 00 83 F2 scenarioaug.txt@yu
OFFSET: 00 00 84 A8 scenarioaug.txt@serifu1
OFFSET: 00 00 84 E5 scenarioaug.txt@serifu2
OFFSET: 00 00 85 22 scenarioaug.txt@serifu3
OFFSET: 00 00 85 5F scenarioaug.txt@yunatu2
OFFSET: 00 00 85 AC scenariodec.txt@
OFFSET: 00 00 85 E6 scenariodec.txt@bijutu
OFFSET: 00 00 85 F0 scenariodec.txt@soccer
OFFSET: 00 00 85 FA scenariodec.txt@bijyutuiku
OFFSET: 00 00 86 81 scenariodec.txt@kokan
OFFSET: 00 00 86 98 scenariodec.txt@unkowo
OFFSET: 00 00 86 B4 scenariodec.txt@socceriku
OFFSET: 00 00 87 3C scenariodec.txt@sugoi
OFFSET: 00 00 87 5B scenariodec.txt@mama
OFFSET: 00 00 87 77 scenariodec.txt@asahaka
OFFSET: 00 00 87 96 scenariodec.txt@kaeri
OFFSET: 00 00 87 BD scenariodec.txt@kakenai
OFFSET: 00 00 87 C7 scenariodec.txt@kakeru
OFFSET: 00 00 87 DF scenariodec.txt@bou
OFFSET: 00 00 88 1B scenariodec.txt@ganmen
OFFSET: 00 00 88 5A scenariodec.txt@shout
OFFSET: 00 00 88 99 scenariodec.txt@ge-sen
OFFSET: 00 00 88 FE scenariodec.txt@pan
OFFSET: 00 00 89 4B scenariodec.txt@kaetta
OFFSET: 00 00 89 71 scenariodec.txt@yu
OFFSET: 00 00 89 AD scenariodec.txt@yunai2
OFFSET: 00 00 89 D1 scenariodec.txt@yulove
OFFSET: 00 00 89 FC scenariodec.txt@neru
OFFSET: 00 00 8A 11 scenariodec.txt@yume
OFFSET: 00 00 8B AC scenariodec.txt@dec2
OFFSET: 00 00 8C AC scenariodec.txt@yoru2
OFFSET: 00 00 8C D3 scenariodec.txt@dec2yu2
OFFSET: 00 00 8D 10 scenariodec.txt@yunai3
OFFSET: 00 00 8D 2E scenariodec.txt@neru2
OFFSET: 00 00 8D 3D scenariodec.txt@decenber3
OFFSET: 00 00 8D E5 scenariodec.txt@kocho2
OFFSET: 00 00 8E 11 scenariodec.txt@xsasou
OFFSET: 00 00 8E 48 scenariodec.txt@yuyu
OFFSET: 00 00 8E 7F scenariodec.txt@moti
OFFSET: 00 00 8E 9D scenariodec.txt@mada
OFFSET: 00 00 8F 5B scenariodec.txt@chrissakuya
OFFSET: 00 00 90 B3 scenariodec.txt@christeruhiko
OFFSET: 00 00 93 59 scenariodec.txt@christakuya
OFFSET: 00 00 94 C6 scenariodec.txt@chriskagami
OFFSET: 00 00 95 B4 scenariodec.txt@pp
OFFSET: 00 00 96 8D scenariodec.txt@chrissiga
OFFSET: 00 00 98 12 scenariojan.txt@
OFFSET: 00 00 98 20 scenariojan.txt@jan1
OFFSET: 00 00 98 31 scenariojan.txt@nengakaga
OFFSET: 00 00 98 4E scenariojan.txt@nengasiga
OFFSET: 00 00 98 6B scenariojan.txt@nengateru
OFFSET: 00 00 98 88 scenariojan.txt@nengataku
OFFSET: 00 00 98 A5 scenariojan.txt@nengasaku
OFFSET: 00 00 98 C2 scenariojan.txt@nengaowari
OFFSET: 00 00 9E 9A scenariojan.txt@jan2
OFFSET: 00 00 99 42 scenariojan.txt@bijutu
OFFSET: 00 00 99 4C scenariojan.txt@soccer
OFFSET: 00 00 99 56 scenariojan.txt@bijyutuiku
OFFSET: 00 00 99 99 scenariojan.txt@takatosi
OFFSET: 00 00 99 B8 scenariojan.txt@unko
OFFSET: 00 00 99 D4 scenariojan.txt@socceriku
OFFSET: 00 00 9A 1C scenariojan.txt@dandy
OFFSET: 00 00 9A 33 scenariojan.txt@ele
OFFSET: 00 00 9A 4D scenariojan.txt@rock
OFFSET: 00 00 9A 67 scenariojan.txt@jan2owari
OFFSET: 00 00 9B 95 scenariojan.txt@jan2siga
OFFSET: 00 00 9C F7 scenariojan.txt@kaeri
OFFSET: 00 00 9D 1E scenariojan.txt@kakenai
OFFSET: 00 00 9D 28 scenariojan.txt@kakeru
OFFSET: 00 00 9D 79 scenariojan.txt@yuenti
OFFSET: 00 00 9D DF scenariojan.txt@nek
OFFSET: 00 00 9D F6 scenariojan.txt@kaetta
OFFSET: 00 00 9E 1D scenariojan.txt@janyu
OFFSET: 00 00 9E 59 scenariojan.txt@yunai2
OFFSET: 00 00 9E 76 scenariojan.txt@neru
OFFSET: 00 00 9F 94 scenariojan.txt@jan2suki
OFFSET: 00 00 9F B1 scenariojan.txt@jan2unko
OFFSET: 00 00 9F BF scenariojan.txt@jan2hokago
OFFSET: 00 00 9F E7 scenariojan.txt@kochositu
OFFSET: 00 00 A0 22 scenariojan.txt@kocho2
OFFSET: 00 00 A0 38 scenariojan.txt@kocho1
OFFSET: 00 00 A0 53 scenariojan.txt@kaeru2
OFFSET: 00 00 A0 75 scenariojan.txt@jiro
OFFSET: 00 00 A1 BC scenariojan.txt@end2
OFFSET: 00 00 A5 7B scenariojan.txt@goodluck
OFFSET: 00 00 A1 D5 scenariojan.txt@yu
OFFSET: 00 00 A4 BF scenariojan.txt@end3
OFFSET: 00 00 A4 D8 scenariojan.txt@singi
OFFSET: 00 00 A5 5F scenariojan.txt@end
OFFSET: 00 00 A5 7D scenariojul.txt@
OFFSET: 00 00 A5 8B scenariojul.txt@july1
OFFSET: 00 00 A5 D9 scenariojul.txt@benkyogo
OFFSET: 00 00 A6 43 scenariojul.txt@hokago
OFFSET: 00 00 A6 63 scenariojul.txt@hairanai
OFFSET: 00 00 A6 74 scenariojul.txt@soccer
OFFSET: 00 00 A6 85 scenariojul.txt@bijutu
OFFSET: 00 00 A6 96 scenariojul.txt@kocho1
OFFSET: 00 00 A6 D1 scenariojul.txt@kocho
OFFSET: 00 00 A6 F5 scenariojul.txt@bukatu_soccer
OFFSET: 00 00 A7 F8 scenariojul.txt@bukatu_bijyutu
OFFSET: 00 00 A8 59 scenariojul.txt@kaeru
OFFSET: 00 00 A8 76 scenariojul.txt@july2
OFFSET: 00 00 A8 CE scenariojul.txt@poolkagami
OFFSET: 00 00 A9 92 scenariojul.txt@july3
OFFSET: 00 00 A9 B3 scenariojul.txt@kocho3
OFFSET: 00 00 A9 F9 scenariojul.txt@kocho4
OFFSET: 00 00 AA 0F scenariojul.txt@kaeru3
OFFSET: 00 00 AA 30 scenariojul.txt@kakeru
OFFSET: 00 00 AA 76 scenariojul.txt@tabemono
OFFSET: 00 00 AA BF scenariojul.txt@yume
OFFSET: 00 00 AB 2F scenariojul.txt@kakenai
OFFSET: 00 00 AB 38 scenariojul.txt@oyasumi3
OFFSET: 00 00 AB 56 scenariojul.txt@july4
OFFSET: 00 00 AC AF scenariojul.txt@kocho5
OFFSET: 00 00 AC D1 scenariojul.txt@yuyu
OFFSET: 00 00 AD 10 scenariojul.txt@moti
OFFSET: 00 00 AD 2E scenariojul.txt@mada
OFFSET: 00 00 AD 7A scenariojul.txt@aba
OFFSET: 00 00 AD 88 scenariojul.txt@sasou
OFFSET: 00 00 AD BF scenariojul.txt@sasojiro
OFFSET: 00 00 AD FD scenariojul.txt@natusakuya
OFFSET: 00 00 AE EE scenariojul.txt@natuteruhiko
OFFSET: 00 00 AF DF scenariojul.txt@natutakuya
OFFSET: 00 00 B0 40 scenariojul.txt@natukagami
OFFSET: 00 00 B0 AF scenariojul.txt@natusiga
OFFSET: 00 00 B1 16 scenariojul.txt@natukocho
OFFSET: 00 00 B1 85 scenariojun.txt@
OFFSET: 00 00 B1 93 scenariojun.txt@jun1
OFFSET: 00 00 B1 EF scenariojun.txt@buka1
OFFSET: 00 00 B2 10 scenariojun.txt@buka2
OFFSET: 00 00 B2 31 scenariojun.txt@buka3
OFFSET: 00 00 B2 59 scenariojun.txt@nyubu_bijutu
OFFSET: 00 00 B2 69 scenariojun.txt@nyubu_soccer
OFFSET: 00 00 B2 79 scenariojun.txt@hairanai
OFFSET: 00 00 B2 82 scenariojun.txt@hairan
OFFSET: 00 00 B2 87 scenariojun.txt@hiruyasumi
OFFSET: 00 00 B3 5D scenariojun.txt@todoke_bijutu
OFFSET: 00 00 B3 6E scenariojun.txt@bukatu_bijyutu
OFFSET: 00 00 B3 D3 scenariojun.txt@todoke_soccer
OFFSET: 00 00 B3 E4 scenariojun.txt@bukatu_soccer
OFFSET: 00 00 B5 38 scenariojun.txt@hairanai_kaeri
OFFSET: 00 00 B5 49 scenariojun.txt@jun1kaeru
OFFSET: 00 00 B5 69 scenariojun.txt@jun1kakenai
OFFSET: 00 00 B5 73 scenariojun.txt@jun1kakeru
OFFSET: 00 00 B6 2E scenariojun.txt@jun1kocho
OFFSET: 00 00 B6 75 scenariojun.txt@jun1kocho2
OFFSET: 00 00 B6 99 scenariojun.txt@ie4
OFFSET: 00 00 B6 B5 scenariojun.txt@june2
OFFSET: 00 00 B7 86 scenariojun.txt@yuenchitakuya
OFFSET: 00 00 B7 F8 scenariojun.txt@yuenchiteruhiko
OFFSET: 00 00 B8 96 scenariojun.txt@yuenchikagami
OFFSET: 00 00 B9 15 scenariojun.txt@yuenchisiga
OFFSET: 00 00 B9 AA scenariojun.txt@ensokuowari
OFFSET: 00 00 B9 E3 scenariojun.txt@june3
OFFSET: 00 00 BA 28 scenariojun.txt@hiruokujyo
OFFSET: 00 00 BA 67 scenariojun.txt@gohanageru
OFFSET: 00 00 BA CC scenariojun.txt@musi
OFFSET: 00 00 BA D6 scenariojun.txt@unko
OFFSET: 00 00 BB 2D scenariojun.txt@benkyoiku
OFFSET: 00 00 BB 4A scenariojun.txt@benkyoikanai
OFFSET: 00 00 BB 5E scenariojun.txt@hokago
OFFSET: 00 00 BB 83 scenariojun.txt@hokakocho
OFFSET: 00 00 BB CF scenariojun.txt@kikusiga
OFFSET: 00 00 BB DE scenariojun.txt@kikukagami
OFFSET: 00 00 BB ED scenariojun.txt@nanimonai
OFFSET: 00 00 BC 0C scenariojun.txt@hokakocho2
OFFSET: 00 00 BC 1C scenariojun.txt@hokakaeru
OFFSET: 00 00 BC 43 scenariojun.txt@benkyokai
OFFSET: 00 00 BD EF scenariojun.txt@july4
OFFSET: 00 00 BE 36 scenariojun.txt@benkyogo
OFFSET: 00 00 BE 56 scenariojun.txt@gohokago
OFFSET: 00 00 BE 7E scenariojun.txt@kaeru
OFFSET: 00 00 BE 9E scenariojun.txt@jun4kakenai
OFFSET: 00 00 BE A8 scenariojun.txt@jun4kakeru
OFFSET: 00 00 BF 31 scenariojun.txt@jun4neru
OFFSET: 00 00 BF 4F scenariojun.txt@3kochositu
OFFSET: 00 00 BF 8A scenariojun.txt@kocho4
OFFSET: 00 00 BF A0 scenariomay.txt@
OFFSET: 00 00 BF AE scenariomay.txt@may1
OFFSET: 00 00 C0 A6 scenariomay.txt@okonomiiku
OFFSET: 00 00 C1 B2 scenariomay.txt@okonomiii
OFFSET: 00 00 C1 CC scenariomay.txt@may1ie
OFFSET: 00 00 C2 C2 scenariomay.txt@may2
OFFSET: 00 00 C4 0F scenariomay.txt@kaeru2
OFFSET: 00 00 C4 5A scenariomay.txt@may2minu
OFFSET: 00 00 C4 67 scenariomay.txt@may2miru
OFFSET: 00 00 C5 31 scenariomay.txt@may2oyasu
OFFSET: 00 00 C5 4E scenariomay.txt@2kochositu
OFFSET: 00 00 C5 89 scenariomay.txt@kocho4
OFFSET: 00 00 C5 9F scenariomay.txt@may3
OFFSET: 00 00 C6 94 scenariomay.txt@may3ikanai
OFFSET: 00 00 C6 A2 scenariomay.txt@may3iku
OFFSET: 00 00 C7 5E scenariomay.txt@may3oyasu
OFFSET: 00 00 C7 79 scenariomay.txt@may4
OFFSET: 00 00 C8 1E scenariomay.txt@unko
OFFSET: 00 00 C8 F1 scenariomay.txt@may4hokago
OFFSET: 00 00 C9 18 scenariomay.txt@4kochositu
OFFSET: 00 00 C9 53 scenariomay.txt@kocho6
OFFSET: 00 00 C9 69 scenariomay.txt@kaeru4
OFFSET: 00 00 C9 A6 scenariomay.txt@ikuika
OFFSET: 00 00 C9 B7 scenariomay.txt@ikana
OFFSET: 00 00 C9 D5 scenariomay.txt@ikana2
OFFSET: 00 00 C9 F3 scenariomay.txt@ikana3
OFFSET: 00 00 CA 11 scenariomay.txt@ikana4
OFFSET: 00 00 CA 2C scenariomay.txt@seito1
OFFSET: 00 00 CB 12 scenariomay.txt@sentaku
OFFSET: 00 00 CB 23 scenariomay.txt@yes
OFFSET: 00 00 CB 3F scenariomay.txt@ie3
OFFSET: 00 00 CB 55 scenariomay.txt@may4yume
OFFSET: 00 00 CB C4 scenarionov.txt@
OFFSET: 00 00 CC 00 scenarionov.txt@bijutuni
OFFSET: 00 00 CC 0A scenarionov.txt@soccerni
OFFSET: 00 00 CC 14 scenarionov.txt@bijyutu
OFFSET: 00 00 CC 64 scenarionov.txt@unkowo
OFFSET: 00 00 CC 74 scenarionov.txt@sensei
OFFSET: 00 00 CC 81 scenarionov.txt@soccer
OFFSET: 00 00 CC C0 scenarionov.txt@kaetta
OFFSET: 00 00 CC E8 scenarionov.txt@bijutu2
OFFSET: 00 00 CD 14 scenarionov.txt@unko
OFFSET: 00 00 CD 7B scenarionov.txt@sense
OFFSET: 00 00 CD D9 scenarionov.txt@soccer2
OFFSET: 00 00 CE 77 scenarionov.txt@passsuru
OFFSET: 00 00 CE D7 scenarionov.txt@passsinai
OFFSET: 00 00 CF 4D scenarionov.txt@neru2
OFFSET: 00 00 CF 6D scenarionov.txt@nov2
OFFSET: 00 00 CF 95 scenarionov.txt@nov2_mati
OFFSET: 00 00 CF D0 scenarionov.txt@nov2_kintore
OFFSET: 00 00 CF F4 scenarionov.txt@nov2_net
OFFSET: 00 00 D0 71 scenarionov.txt@nov2_yoru
OFFSET: 00 00 D0 82 scenarionov.txt@nov2_yu
OFFSET: 00 00 D0 CB scenarionov.txt@nov2_dodemo
OFFSET: 00 00 D1 1B scenarionov.txt@end3
OFFSET: 00 00 D1 32 scenarionov.txt@goodluck
OFFSET: 00 00 D1 34 scenarionov.txt@nov2_kanbyo
OFFSET: 00 00 D1 88 scenarionov.txt@aii
OFFSET: 00 00 D1 9E scenarionov.txt@popo
OFFSET: 00 00 D1 F4 scenarionov.txt@nov2_neru
OFFSET: 00 00 D2 04 scenarionov.txt@nov2owari
OFFSET: 00 00 D2 0A scenarionov.txt@nov3
OFFSET: 00 00 D2 5C scenarionov.txt@un
OFFSET: 00 00 D2 DC scenarionov.txt@benki
OFFSET: 00 00 D2 FE scenarionov.txt@kaiki
OFFSET: 00 00 D3 1D scenarionov.txt@yada
OFFSET: 00 00 D3 2D scenarionov.txt@hokago
OFFSET: 00 00 D3 2E scenarionov.txt@nov3hokago
OFFSET: 00 00 D3 55 scenarionov.txt@kocho1
OFFSET: 00 00 D3 90 scenarionov.txt@kocho
OFFSET: 00 00 D3 AB scenarionov.txt@kochocho
OFFSET: 00 00 D3 C9 scenarionov.txt@kaeru
OFFSET: 00 00 D3 E5 scenarionov.txt@yumesi
OFFSET: 00 00 D4 B6 scenarionov.txt@nov4
OFFSET: 00 00 D4 FF scenarionov.txt@bunka
OFFSET: 00 00 D5 20 scenarionov.txt@2shu
OFFSET: 00 00 D5 38 scenarionov.txt@demise
OFFSET: 00 00 D5 8C scenarionov.txt@tabeyu
OFFSET: 00 00 D5 AA scenarionov.txt@kue
OFFSET: 00 00 D6 0D scenarionov.txt@sonohen
OFFSET: 00 00 D7 73 scenarionov.txt@bunka_kocho
OFFSET: 00 00 D8 4D scenarionov.txt@yuchan
OFFSET: 00 00 D8 AD scenarionov.txt@jirochan
OFFSET: 00 00 D8 EC scenarionov.txt@yoru3
OFFSET: 00 00 D9 12 scenarionov.txt@yu3
OFFSET: 00 00 D9 4E scenarionov.txt@yunai3
OFFSET: 00 00 D9 6C scenarionov.txt@neru3
OFFSET: 00 00 D9 7D scenariooct.txt@
OFFSET: 00 00 D9 8A scenariooct.txt@oct1
OFFSET: 00 00 D9 EB scenariooct.txt@toire
OFFSET: 00 00 DA 76 scenariooct.txt@okujo
OFFSET: 00 00 DB 07 scenariooct.txt@baka
OFFSET: 00 00 DB 16 scenariooct.txt@nandatte
OFFSET: 00 00 DB A9 scenariooct.txt@oct1hokago
OFFSET: 00 00 DB D0 scenariooct.txt@oct1kocho
OFFSET: 00 00 DC 0A scenariooct.txt@kocho
OFFSET: 00 00 DC 20 scenariooct.txt@kaeru
OFFSET: 00 00 DC 48 scenariooct.txt@oct2karori-
OFFSET: 00 00 DC AD scenariooct.txt@togameru
OFFSET: 00 00 DC CB scenariooct.txt@susumeru
OFFSET: 00 00 DD E9 scenariooct.txt@end
OFFSET: 00 00 DE 00 scenariooct.txt@goodluck
OFFSET: 00 00 DE 07 scenariooct.txt@oct2
OFFSET: 00 00 DE 25 scenariooct.txt@bijutu
OFFSET: 00 00 DE 2F scenariooct.txt@soccer
OFFSET: 00 00 DE 39 scenariooct.txt@bijyutuiku
OFFSET: 00 00 DE 7C scenariooct.txt@pan
OFFSET: 00 00 DE D0 scenariooct.txt@ge-sen
OFFSET: 00 00 DF 15 scenariooct.txt@socceriku
OFFSET: 00 00 DF 56 scenariooct.txt@asi
OFFSET: 00 00 DF DC scenariooct.txt@mote
OFFSET: 00 00 E0 22 scenariooct.txt@kaetta
OFFSET: 00 00 E0 49 scenariooct.txt@oct2yu
OFFSET: 00 00 E0 86 scenariooct.txt@oct2yunai
OFFSET: 00 00 E0 A6 scenariooct.txt@oct2neru
OFFSET: 00 00 E0 B6 scenariooct.txt@oct3
OFFSET: 00 00 E0 E6 scenariooct.txt@kakenai
OFFSET: 00 00 E0 F0 scenariooct.txt@kakeru
OFFSET: 00 00 E1 08 scenariooct.txt@tti
OFFSET: 00 00 E1 2D scenariooct.txt@megane
OFFSET: 00 00 E1 6A scenariooct.txt@unko
OFFSET: 00 00 E1 85 scenariooct.txt@kaga-mi
OFFSET: 00 00 E1 AF scenariooct.txt@maibu-mu
OFFSET: 00 00 E2 2C scenariooct.txt@musi
OFFSET: 00 00 E2 9C scenariooct.txt@kaetta3
OFFSET: 00 00 E2 C4 scenariooct.txt@yu3
OFFSET: 00 00 E3 01 scenariooct.txt@matane
OFFSET: 00 00 E3 20 scenariooct.txt@neru3
OFFSET: 00 00 E3 30 scenariooct.txt@oct4
OFFSET: 00 00 E3 8A scenariooct.txt@shogai
OFFSET: 00 00 E4 41 scenariooct.txt@karimono
OFFSET: 00 00 E4 F6 scenariooct.txt@ninin
OFFSET: 00 00 E6 25 scenariooct.txt@yoru2
OFFSET: 00 00 E6 4D scenariooct.txt@yu2
OFFSET: 00 00 E6 8A scenariooct.txt@yunai2
OFFSET: 00 00 E6 A9 scenariooct.txt@neru2
OFFSET: 00 00 E6 BB scenariosep.txt@
OFFSET: 00 00 E6 C8 scenariosep.txt@sep1
OFFSET: 00 00 E7 1D scenariosep.txt@sep1_kocho
OFFSET: 00 00 E7 4B scenariosep.txt@bijutu
OFFSET: 00 00 E7 55 scenariosep.txt@soccer
OFFSET: 00 00 E7 5F scenariosep.txt@bijyutuiku
OFFSET: 00 00 E7 BC scenariosep.txt@marimo
OFFSET: 00 00 E7 E8 scenariosep.txt@kyonyu
OFFSET: 00 00 E8 11 scenariosep.txt@socceriku
OFFSET: 00 00 E8 64 scenariosep.txt@sefiro
OFFSET: 00 00 E8 7F scenariosep.txt@oppai
OFFSET: 00 00 E8 97 scenariosep.txt@kaeri
OFFSET: 00 00 E9 16 scenariosep.txt@kaerutakuya
OFFSET: 00 00 E9 76 scenariosep.txt@kaerukagami
OFFSET: 00 00 E9 DE scenariosep.txt@dottimo
OFFSET: 00 00 E9 FA scenariosep.txt@kaetta
OFFSET: 00 00 EA 22 scenariosep.txt@sep2kenka
OFFSET: 00 00 EB C3 scenariosep.txt@sep2
OFFSET: 00 00 EB E6 scenariosep.txt@kocho2
OFFSET: 00 00 EC 00 scenariosep.txt@kaeru2
OFFSET: 00 00 EC 20 scenariosep.txt@kakenai
OFFSET: 00 00 EC 2A scenariosep.txt@kakeru
OFFSET: 00 00 EC AA scenariosep.txt@boom
OFFSET: 00 00 EC F6 scenariosep.txt@eat
OFFSET: 00 00 ED 60 scenariosep.txt@kaetta2
OFFSET: 00 00 ED F2 scenariosep.txt@sep2_yunai
OFFSET: 00 00 EE 12 scenariosep.txt@sep2_neru
OFFSET: 00 00 EE 27 scenariosep.txt@sisisisi
OFFSET: 00 00 EE A5 scenariosep.txt@sep3
OFFSET: 00 00 EF CC scenariosep.txt@sep3kocho
OFFSET: 00 00 EF FD scenariosep.txt@sep3kocho2
OFFSET: 00 00 F0 0C scenariosep.txt@sep3kaeru
OFFSET: 00 00 F0 2B scenariosep.txt@sep4
OFFSET: 00 00 F0 53 scenariosep.txt@sep4_bijutu
OFFSET: 00 00 F0 B5 scenariosep.txt@sep4_benkyo
OFFSET: 00 00 F0 C2 scenariosep.txt@sep4_iegoro
OFFSET: 00 00 F0 CC scenariosep.txt@sep4_yoru
OFFSET: 00 00 F0 F4 scenariosep.txt@sep4_yu
OFFSET: 00 00 F1 31 scenariosep.txt@sep4_yunai
