MaxPage
CurrentPage
Selected
file
kochosave
save
end
yusave1
kochosave1
LBStatus
gal
voice
he
e1
teruhiko
e2
e3
jiro
kocho1
takuya
e4
2shu
e96
e5
e7
e8
e9
e10
e11
kagami
sakuya
yu
e48
kenka
e97
e80
e71
e49
e50
kgmend
kagamiend
takuyaend
end8
e44
e45
e46
end5
end6
e43
end4
e47
sakuyaend
end2
e42
e72
e40
e41
sigaend
e66
e51
e88
e95
e89
e52
end9
e53
e54
e56
e55
teruhikoend
e12
e25
e13
e14
e15
e16
e24
e79
e17
e18
e19
e21
e23
e20
e22
e38
e98
e39
e57
e58
e74
e75
e76
e77
e28
e27
e26
e29
e60
e61
e62
e70
e30
e31
e32
e63
e93
e94
e59
e64
e73
e65
e78
e34
e36
e37
e67
e68
e69
e35
e91
e87
e81
e83
e90
e82
e84
e85
e86
e92
buka
ikanu
nyubu_bijutu
nyubu_soccer
hairanai
soccer
siga
benkyokai
natusakuya
natuteruhiko
natutakuya
natukagami
natusiga
natuyu
natukocho
sakuiku
sakuikanai
teruiku
teruikanai
rifa
concunko
concsensei
end10
bijyutsu
e33
